l\profile.ps1'
+   ~~~~~~~~~~~~~~~~~~~~~~~~~~~~~~~~~~~~~~~~~~~~~~~~~~~~~~
    + CategoryInfo          : SecurityError: (:) [], PSSecurityException
    + FullyQualifiedErrorId : UnauthorizedAccess
PS D:\_02_Code\ArduinoProject\RP2040-ETH\TestTool> python RTS_NEH_LocationPublisher.py
Traceback (most recent call last):
  File "D:\_02_Code\ArduinoProject\RP2040-ETH\TestTool\RTS_NEH_LocationPublisher.py", line 5, in <module>
    import serial
ModuleNotFoundError: No module named 'serial'
PS D:\_02_Code\ArduinoProject\RP2040-ETH\TestTool> pip install pyserial
Collecting pyserial
  Using cached pyserial-3.5-py2.py3-none-any.whl.metadata (1.6 kB)
Using cached pyserial-3.5-py2.py3-none-any.whl (90 kB)
Installing collected packages: pyserial
  WARNING: The scripts pyserial-miniterm.exe and pyserial-ports.exe are installed in 'C:\Users\223\AppData\Local\Packages\PythonSoftwareFoundation.Python.3.11_qbz5n2kfra8p0\LocalCache\local-packages\Python311\Scripts' which is not on PATH.
  Consider adding this directory to PATH or, if you prefer to suppress this warning, use --no-warn-script-location.
Successfully installed pyserial-3.5

[notice] A new release of pip is available: 24.0 -> 25.1.1
[notice] To update, run: C:\Users\223\AppData\Local\Microsoft\WindowsApps\PythonSoftwareFoundation.Python.3.11_qbz5n2kfra8p0\python.exe -m pip install --upgrade pip
PS D:\_02_Code\ArduinoProject\RP2040-ETH\TestTool> activate base
PS D:\_02_Code\ArduinoProject\RP2040-ETH\TestTool> python .\RTS_NEH_LocationPublisher.py
client: connection failed, retrying in 3s... ([WinError 10060] 連線嘗試失敗，因為連線對象有一段時間並未正確回應，或是連線建立失敗，因為連線的主機無法回應。)
Traceback (most recent call last):
  File "D:\_02_Code\ArduinoProject\RP2040-ETH\TestTool\RTS_NEH_LocationPublisher.py", line 36, in connect_to_server
    s.connect((HOST, PORT))
TimeoutError: [WinError 10060] 連線嘗試失敗，因為連線對象有一段時間並未正確回應，或是連線建立失敗，因為連線的主機無法回應。

During handling of the above exception, another exception occurred:

Traceback (most recent call last):
  File "D:\_02_Code\ArduinoProject\RP2040-ETH\TestTool\RTS_NEH_LocationPublisher.py", line 137, in <module>
    connect_to_server()
  File "D:\_02_Code\ArduinoProject\RP2040-ETH\TestTool\RTS_NEH_LocationPublisher.py", line 40, in connect_to_server
    print(f"client: connection failed, retrying in 3s... ({e})")
          ^^^^^^^^^^^^^^^^^^^^^^^^^^^^^^^^^^^^^^^^^^^^^^^^^^^^^
KeyboardInterrupt
PS D:\_02_Code\ArduinoProject\RP2040-ETH\TestTool> ^C
PS D:\_02_Code\ArduinoProject\RP2040-ETH\TestTool> ping 192.168.43.1

Ping 192.168.43.1 (使用 32 位元組的資料):
回覆自 192.168.43.1: 位元組=32 時間=4ms TTL=64
回覆自 192.168.43.1: 位元組=32 時間=2ms TTL=64

192.168.43.1 的 Ping 統計資料:
    封包: 已傳送 = 2，已收到 = 2, 已遺失 = 0 (0% 遺失)，
大約的來回時間 (毫秒):
    最小值 = 2ms，最大值 = 4ms，平均 = 3ms
Control-C
PS D:\_02_Code\ArduinoProject\RP2040-ETH\TestTool> ping 192.168.144.11

Ping 192.168.144.11 (使用 32 位元組的資料):
回覆自 192.168.144.11: 位元組=32 時間=2ms TTL=64

192.168.144.11 的 Ping 統計資料:
    封包: 已傳送 = 1，已收到 = 1, 已遺失 = 0 (0% 遺失)，
大約的來回時間 (毫秒):
    最小值 = 2ms，最大值 = 2ms，平均 = 2ms
Control-C
PS D:\_02_Code\ArduinoProject\RP2040-ETH\TestTool> ping 192.168.144.30

Ping 192.168.144.30 (使用 32 位元組的資料):
要求等候逾時。
回覆自 192.168.144.30: 位元組=32 時間=40ms TTL=126
回覆自 192.168.144.30: 位元組=32 時間=21ms TTL=126
回覆自 192.168.144.30: 位元組=32 時間=37ms TTL=126

192.168.144.30 的 Ping 統計資料:
    封包: 已傳送 = 4，已收到 = 3, 已遺失 = 1 (25% 遺失)，
大約的來回時間 (毫秒):
    最小值 = 21ms，最大值 = 40ms，平均 = 32ms
PS D:\_02_Code\ArduinoProject\RP2040-ETH\TestTool> python .\RTS_NEH_LocationPublisher.py
client: connected to server
serial: connection failed, retrying in 3s... (could not open port 'COM16': PermissionError(13, '存取被拒。', None, 5))
serial: connection failed, retrying in 3s... (could not open port 'COM16': PermissionError(13, '存取被拒。', None, 5))
serial: connected to COM16
請輸入原點經緯度與高度 (lat lon alt): Traceback (most recent call last):
  File "D:\_02_Code\ArduinoProject\RP2040-ETH\TestTool\RTS_NEH_LocationPublisher.py", line 139, in <module>
    input_origin()
  File "D:\_02_Code\ArduinoProject\RP2040-ETH\TestTool\RTS_NEH_LocationPublisher.py", line 124, in input_origin
    user_input = input("請輸入原點經緯度與高度 (lat lon alt): ")
                 ^^^^^^^^^^^^^^^^^^^^^^^^^^^^^^^^^^^^^^^^^^^^^^^
KeyboardInterrupt
PS D:\_02_Code\ArduinoProject\RP2040-ETH\TestTool> python .\RTS_NEH_LocationPublisher.py
client: connected to server
serial: connected to COM16
請輸入原點經緯度與高度 (lat lon alt): 23 121 10
原點設定成功：lat=23.0, lon=121.0, alt=10.0

程式結束
PS D:\_02_Code\ArduinoProject\RP2040-ETH\TestTool> python .\RTS_NEH_LocationPublisher.py
Traceback (most recent call last):
  File "D:\_02_Code\ArduinoProject\RP2040-ETH\TestTool\RTS_NEH_LocationPublisher.py", line 36, in connect_to_server
    s.connect((HOST, PORT))
TimeoutError: [WinError 10060] 連線嘗試失敗，因為連線對象有一段時間並未正確回應，或是連線建立失敗，因為連線的主機無法回應。

During handling of the above exception, another exception occurred:

Traceback (most recent call last):
  File "D:\_02_Code\ArduinoProject\RP2040-ETH\TestTool\RTS_NEH_LocationPublisher.py", line 137, in <module>
    connect_to_server()
  File "D:\_02_Code\ArduinoProject\RP2040-ETH\TestTool\RTS_NEH_LocationPublisher.py", line 40, in connect_to_server
    print(f"client: connection failed, retrying in 3s... ({e})")
          ^^^^^^^^^^^^^^^^^^^^^^^^^^^^^^^^^^^^^^^^^^^^^^^^^^^^^
KeyboardInterrupt
PS D:\_02_Code\ArduinoProject\RP2040-ETH\TestTool> python .\RTS_NEH_LocationPublisher2.py
Traceback (most recent call last):
  File "D:\_02_Code\ArduinoProject\RP2040-ETH\TestTool\RTS_NEH_LocationPublisher2.py", line 37, in connect_to_server
    s.connect((HOST, PORT))
TimeoutError: [WinError 10060] 連線嘗試失敗，因為連線對象有一段時間並未正確回應，或是連線建立失敗，因為連線的主機無法回應。

During handling of the above exception, another exception occurred:

Traceback (most recent call last):
  File "D:\_02_Code\ArduinoProject\RP2040-ETH\TestTool\RTS_NEH_LocationPublisher2.py", line 145, in <module>
    connect_to_server()
  File "D:\_02_Code\ArduinoProject\RP2040-ETH\TestTool\RTS_NEH_LocationPublisher2.py", line 41, in connect_to_server
    print(f"client: connection failed, retrying in 3s... ({e})")
          ^^^^^^^^^^^^^^^^^^^^^^^^^^^^^^^^^^^^^^^^^^^^^^^^^^^^^
KeyboardInterrupt
PS D:\_02_Code\ArduinoProject\RP2040-ETH\TestTool> ping 192.168.144.30

Ping 192.168.144.30 (使用 32 位元組的資料):
Control-C
PS D:\_02_Code\ArduinoProject\RP2040-ETH\TestTool> ping 192.168.144.11

Ping 192.168.144.11 (使用 32 位元組的資料):
回覆自 192.168.144.11: 位元組=32 時間=2ms TTL=64

192.168.144.11 的 Ping 統計資料:
    封包: 已傳送 = 1，已收到 = 1, 已遺失 = 0 (0% 遺失)，
大約的來回時間 (毫秒):
    最小值 = 2ms，最大值 = 2ms，平均 = 2ms
Control-C
PS D:\_02_Code\ArduinoProject\RP2040-ETH\TestTool> ping 192.168.144.30

Ping 192.168.144.30 (使用 32 位元組的資料):
回覆自 192.168.144.30: 位元組=32 時間=33ms TTL=126
回覆自 192.168.144.30: 位元組=32 時間=18ms TTL=126
回覆自 192.168.144.30: 位元組=32 時間=21ms TTL=126
回覆自 192.168.144.30: 位元組=32 時間=17ms TTL=126

192.168.144.30 的 Ping 統計資料:
    封包: 已傳送 = 4，已收到 = 4, 已遺失 = 0 (0% 遺失)，
大約的來回時間 (毫秒):
    最小值 = 17ms，最大值 = 33ms，平均 = 22ms
PS D:\_02_Code\ArduinoProject\RP2040-ETH\TestTool> python .\RTS_NEH_LocationPublisher2.py
client: connected to server
serial: connection failed, retrying in 3s... (could not open port 'COM16': PermissionError(13, '存取被拒。', None, 5))
serial: connection failed, retrying in 3s... (could not open port 'COM16': PermissionError(13, '存取被拒。', None, 5))
serial: connection failed, retrying in 3s... (could not open port 'COM16': PermissionError(13, '存取被拒。', None, 5))
serial: connection failed, retrying in 3s... (could not open port 'COM16': FileNotFoundError(2, '系統找不到指定的檔案。', None, 2))
serial: connected to COM16
請輸入原點經緯度與高度 (lat lon alt): Traceback (most recent call last):
  File "D:\_02_Code\ArduinoProject\RP2040-ETH\TestTool\RTS_NEH_LocationPublisher2.py", line 147, in <module>
    input_origin()
  File "D:\_02_Code\ArduinoProject\RP2040-ETH\TestTool\RTS_NEH_LocationPublisher2.py", line 132, in input_origin
    user_input = input("請輸入原點經緯度與高度 (lat lon alt): ")
                 ^^^^^^^^^^^^^^^^^^^^^^^^^^^^^^^^^^^^^^^^^^^^^^^
KeyboardInterrupt
PS D:\_02_Code\ArduinoProject\RP2040-ETH\TestTool> python .\RTS_NEH_LocationPublisher2.py
client: connected to server
serial: connection failed, retrying in 3s... (could not open port 'COM16': PermissionError(13, '存取被拒。', None, 5))
serial: connection failed, retrying in 3s... (could not open port 'COM16': PermissionError(13, '存取被拒。', None, 5))
serial: connection failed, retrying in 3s... (could not open port 'COM16': PermissionError(13, '存取被拒。', None, 5))
Traceback (most recent call last):
  File "D:\_02_Code\ArduinoProject\RP2040-ETH\TestTool\RTS_NEH_LocationPublisher2.py", line 48, in connect_to_serial
    ser = serial.Serial(SERIAL_PORT, BAUD_RATE, timeout=1)
          ^^^^^^^^^^^^^^^^^^^^^^^^^^^^^^^^^^^^^^^^^^^^^^^^
  File "C:\Users\223\AppData\Local\Packages\PythonSoftwareFoundation.Python.3.11_qbz5n2kfra8p0\LocalCache\local-packages\Python311\site-packages\serial\serialwin32.py", line 33, in __init__
    super(Serial, self).__init__(*args, **kwargs)
  File "C:\Users\223\AppData\Local\Packages\PythonSoftwareFoundation.Python.3.11_qbz5n2kfra8p0\LocalCache\local-packages\Python311\site-packages\serial\serialutil.py", line 244, in __init__
    self.open()
  File "C:\Users\223\AppData\Local\Packages\PythonSoftwareFoundation.Python.3.11_qbz5n2kfra8p0\LocalCache\local-packages\Python311\site-packages\serial\serialwin32.py", line 64, in open
    raise SerialException("could not open port {!r}: {!r}".format(self.portstr, ctypes.WinError()))
serial.serialutil.SerialException: could not open port 'COM16': PermissionError(13, '存取被拒。', None, 5)

During handling of the above exception, another exception occurred:

Traceback (most recent call last):
  File "D:\_02_Code\ArduinoProject\RP2040-ETH\TestTool\RTS_NEH_LocationPublisher2.py", line 146, in <module>
    connect_to_serial()
  File "D:\_02_Code\ArduinoProject\RP2040-ETH\TestTool\RTS_NEH_LocationPublisher2.py", line 53, in connect_to_serial
    time.sleep(3)
KeyboardInterrupt
PS D:\_02_Code\ArduinoProject\RP2040-ETH\TestTool> python .\RTS_NEH_LocationPublisher2.py
client: connected to server
serial: connection failed, retrying in 3s... (could not open port 'COM16': FileNotFoundError(2, '系統找不到指定的檔案。', None, 2))
Traceback (most recent call last):
  File "D:\_02_Code\ArduinoProject\RP2040-ETH\TestTool\RTS_NEH_LocationPublisher2.py", line 146, in <module>
    connect_to_serial()
  File "D:\_02_Code\ArduinoProject\RP2040-ETH\TestTool\RTS_NEH_LocationPublisher2.py", line 48, in connect_to_serial
    ser = serial.Serial(SERIAL_PORT, BAUD_RATE, timeout=1)
          ^^^^^^^^^^^^^^^^^^^^^^^^^^^^^^^^^^^^^^^^^^^^^^^^
  File "C:\Users\223\AppData\Local\Packages\PythonSoftwareFoundation.Python.3.11_qbz5n2kfra8p0\LocalCache\local-packages\Python311\site-packages\serial\serialwin32.py", line 33, in __init__
    super(Serial, self).__init__(*args, **kwargs)
  File "C:\Users\223\AppData\Local\Packages\PythonSoftwareFoundation.Python.3.11_qbz5n2kfra8p0\LocalCache\local-packages\Python311\site-packages\serial\serialutil.py", line 244, in __init__
    self.open()
  File "C:\Users\223\AppData\Local\Packages\PythonSoftwareFoundation.Python.3.11_qbz5n2kfra8p0\LocalCache\local-packages\Python311\site-packages\serial\serialwin32.py", line 54, in open
    self._port_handle = win32.CreateFile(
                        ^^^^^^^^^^^^^^^^^
KeyboardInterrupt
PS D:\_02_Code\ArduinoProject\RP2040-ETH\TestTool> python .\RTS_NEH_LocationPublisher2.py
client: connected to server
serial: connected to COM16
請輸入原點經緯度與高度 (lat lon alt): 24.946871 121.229554 10
原點設定成功：lat=24.946871, lon=121.229554, alt=10.0
serial raw: 7247,3.664,-0.049,-0.628,,2025-06-20T15:04:23
serial raw: 7248,3.664,-0.049,-0.628,,2025-06-20T15:04:23 | 頻率: 4.17 Hz
serial raw: 7249,3.665,-0.049,-0.628,,2025-06-20T15:04:23 | 頻率: 4.46 Hz
serial raw: 7250,3.664,-0.049,-0.628,,2025-06-20T15:04:23 | 頻率: 4.47 Hz
serial raw: 7251,3.664,-0.049,-0.628,,2025-06-20T15:04:24 | 頻率: 4.46 Hz
serial raw: 7252,3.664,-0.049,-0.628,,2025-06-20T15:04:24 | 頻率: 4.47 Hz
serial raw: 7253,3.664,-0.049,-0.628,,2025-06-20T15:04:24 | 頻率: 4.45 Hz
serial raw: 7254,3.664,-0.049,-0.628,,2025-06-20T15:04:24 | 頻率: 4.47 Hz
serial raw: 7255,3.664,-0.049,-0.628,,2025-06-20T15:04:25 | 頻率: 4.46 Hz
serial raw: 7256,3.664,-0.049,-0.628,,2025-06-20T15:04:25 | 頻率: 4.46 Hz
serial raw: 7257,3.664,-0.049,-0.628,,2025-06-20T15:04:25 | 頻率: 4.45 Hz
serial raw: 7258,3.664,-0.049,-0.628,,2025-06-20T15:04:25 | 頻率: 4.46 Hz
serial raw: 7259,3.664,-0.049,-0.628,,2025-06-20T15:04:25 | 頻率: 4.47 Hz
serial raw: 7260,3.664,-0.049,-0.628,,2025-06-20T15:04:26 | 頻率: 3.91 Hz
serial raw: 7261,3.664,-0.049,-0.628,,2025-06-20T15:04:26 | 頻率: 4.46 Hz
serial raw: 7262,3.664,-0.049,-0.628,,2025-06-20T15:04:26 | 頻率: 3.46 Hz
serial raw: 7263,3.664,-0.049,-0.628,,2025-06-20T15:04:26 | 頻率: 4.47 Hz
serial raw: 7264,3.664,-0.049,-0.628,,2025-06-20T15:04:27 | 頻率: 4.46 Hz
serial raw: 7265,3.664,-0.049,-0.628,,2025-06-20T15:09:09 | 頻率: 0.00 Hz
serial raw: 7266,3.664,-0.049,-0.628,,2025-06-20T15:09:09 | 頻率: 4.46 Hz
serial raw: 7267,3.664,-0.049,-0.628,,2025-06-20T15:09:10 | 頻率: 4.45 Hz
serial raw: 7268,3.665,-0.049,-0.628,,2025-06-20T15:09:10 | 頻率: 4.46 Hz
serial raw: 7269,3.664,-0.049,-0.628,,2025-06-20T15:09:10 | 頻率: 4.46 Hz
serial raw: 7270,3.664,-0.049,-0.628,,2025-06-20T15:09:10 | 頻率: 4.17 Hz
serial raw: 7271,3.664,-0.049,-0.628,,2025-06-20T15:09:11 | 頻率: 4.47 Hz
serial raw: 7272,3.664,-0.049,-0.628,,2025-06-20T15:09:11 | 頻率: 4.44 Hz
serial raw: 7273,3.664,-0.049,-0.628,,2025-06-20T15:09:11 | 頻率: 4.47 Hz
serial raw: 7274,3.664,-0.049,-0.628,,2025-06-20T15:09:11 | 頻率: 4.46 Hz
serial raw: 7275,3.664,-0.049,-0.628,,2025-06-20T15:09:11 | 頻率: 4.47 Hz
serial raw: 7276,3.664,-0.049,-0.628,,2025-06-20T15:09:12 | 頻率: 4.16 Hz
serial raw: 7277,3.664,-0.049,-0.628,,2025-06-20T15:09:12 | 頻率: 4.45 Hz
serial raw: 7278,3.664,-0.049,-0.628,,2025-06-20T15:09:12 | 頻率: 3.67 Hz
serial raw: 7279,3.665,-0.049,-0.628,,2025-06-20T15:09:12 | 頻率: 4.47 Hz
serial raw: 7280,3.664,-0.049,-0.628,,2025-06-20T15:09:13 | 頻率: 4.46 Hz
serial raw: 7281,3.664,-0.049,-0.628,,2025-06-20T15:09:13 | 頻率: 4.45 Hz
serial raw: 7282,3.664,-0.049,-0.628,,2025-06-20T15:09:13 | 頻率: 4.16 Hz
serial raw: 7283,3.664,-0.049,-0.628,,2025-06-20T15:09:13 | 頻率: 4.46 Hz
serial raw: 7284,3.664,-0.049,-0.628,,2025-06-20T15:09:16 | 頻率: 0.42 Hz
serial raw: 7285,3.664,-0.049,-0.628,,2025-06-20T15:09:16 | 頻率: 4.46 Hz
serial raw: 7286,3.664,-0.049,-0.628,,2025-06-20T15:09:16 | 頻率: 4.46 Hz
serial raw: 7287,3.664,-0.049,-0.628,,2025-06-20T15:09:16 | 頻率: 4.46 Hz
serial raw: 7288,3.664,-0.049,-0.628,,2025-06-20T15:09:17 | 頻率: 4.18 Hz
serial raw: 7289,3.664,-0.049,-0.628,,2025-06-20T15:09:17 | 頻率: 4.79 Hz
serial raw: 7290,3.664,-0.049,-0.628,,2025-06-20T15:09:17 | 頻率: 4.17 Hz
serial raw: 7291,3.664,-0.049,-0.628,,2025-06-20T15:09:17 | 頻率: 4.47 Hz
serial raw: 7292,3.664,-0.049,-0.628,,2025-06-20T15:09:18 | 頻率: 4.44 Hz
serial raw: 7293,3.665,-0.049,-0.628,,2025-06-20T15:09:18 | 頻率: 4.47 Hz
serial raw: 7294,3.664,-0.049,-0.628,,2025-06-20T15:09:18 | 頻率: 4.17 Hz
serial raw: 7295,3.664,-0.049,-0.628,,2025-06-20T15:09:18 | 頻率: 4.46 Hz
serial raw: 7296,3.664,-0.049,-0.628,,2025-06-20T15:09:18 | 頻率: 4.47 Hz
serial raw: 7297,3.664,-0.049,-0.628,,2025-06-20T15:09:19 | 頻率: 4.16 Hz
serial raw: 7298,3.664,-0.049,-0.628,,2025-06-20T15:09:19 | 頻率: 4.46 Hz
serial raw: 7299,3.664,-0.049,-0.628,,2025-06-20T15:09:19 | 頻率: 3.47 Hz
serial raw: 7300,3.664,-0.049,-0.628,,2025-06-20T15:09:19 | 頻率: 4.48 Hz
serial raw: 7301,3.664,-0.049,-0.628,,2025-06-20T15:09:20 | 頻率: 4.45 Hz
serial raw: 7302,3.664,-0.049,-0.628,,2025-06-20T15:09:20 | 頻率: 4.46 Hz
serial raw: 7303,3.664,-0.049,-0.628,,2025-06-20T15:09:20 | 頻率: 4.16 Hz
serial raw: 7304,3.664,-0.049,-0.628,,2025-06-20T15:09:20 | 頻率: 4.47 Hz
serial raw: 7305,3.664,-0.049,-0.628,,2025-06-20T15:09:21 | 頻率: 4.44 Hz
serial raw: 7306,3.664,-0.049,-0.628,,2025-06-20T15:09:21 | 頻率: 4.47 Hz
serial raw: 7307,3.664,-0.049,-0.628,,2025-06-20T15:09:21 | 頻率: 4.15 Hz
serial raw: 7308,3.664,-0.049,-0.628,,2025-06-20T15:09:21 | 頻率: 4.47 Hz
serial raw: 7309,3.664,-0.049,-0.628,,2025-06-20T15:09:21 | 頻率: 4.80 Hz
serial raw: 7310,3.664,-0.049,-0.628,,2025-06-20T15:09:22 | 頻率: 4.17 Hz
serial raw: 7311,3.664,-0.049,-0.628,,2025-06-20T15:09:22 | 頻率: 4.45 Hz
serial raw: 7312,3.664,-0.049,-0.628,,2025-06-20T15:09:22 | 頻率: 4.46 Hz
serial raw: 7313,3.664,-0.049,-0.628,,2025-06-20T15:09:22 | 頻率: 4.16 Hz
serial raw: 7314,3.664,-0.049,-0.628,,2025-06-20T15:09:23 | 頻率: 4.48 Hz
serial raw: 7315,3.664,-0.049,-0.628,,2025-06-20T15:09:23 | 頻率: 3.66 Hz
serial raw: 7316,3.664,-0.049,-0.628,,2025-06-20T15:09:23 | 頻率: 4.17 Hz
serial raw: 7317,3.664,-0.049,-0.628,,2025-06-20T15:09:23 | 頻率: 4.80 Hz
serial raw: 7318,3.664,-0.049,-0.628,,2025-06-20T15:09:24 | 頻率: 4.45 Hz
serial raw: 7319,3.664,-0.049,-0.628,,2025-06-20T15:09:24 | 頻率: 4.17 Hz
serial raw: 7320,3.664,-0.049,-0.628,,2025-06-20T15:09:24 | 頻率: 4.46 Hz
serial raw: 7321,3.664,-0.049,-0.628,,2025-06-20T15:09:24 | 頻率: 4.46 Hz
serial raw: 7322,3.664,-0.049,-0.628,,2025-06-20T15:09:24 | 頻率: 4.16 Hz
serial raw: 7323,3.664,-0.049,-0.628,,2025-06-20T15:09:25 | 頻率: 4.46 Hz
serial raw: 7324,3.664,-0.049,-0.628,,2025-06-20T15:09:25 | 頻率: 4.17 Hz
serial raw: 7325,3.664,-0.049,-0.628,,2025-06-20T15:09:25 | 頻率: 4.80 Hz
serial raw: 7326,3.664,-0.049,-0.628,,2025-06-20T15:09:27 | 頻率: 0.66 Hz
serial raw: 7327,3.664,-0.049,-0.628,,2025-06-20T15:09:27 | 頻率: 4.16 Hz
serial raw: 7328,3.664,-0.049,-0.628,,2025-06-20T15:09:27 | 頻率: 4.44 Hz
serial raw: 7329,3.664,-0.049,-0.628,,2025-06-20T15:09:27 | 頻率: 4.47 Hz
serial raw: 7330,3.664,-0.049,-0.628,,2025-06-20T15:09:30 | 頻率: 0.34 Hz
serial raw: 7331,3.664,-0.049,-0.628,,2025-06-20T15:09:31 | 頻率: 4.46 Hz
serial raw: 7332,3.664,-0.049,-0.628,,2025-06-20T15:09:31 | 頻率: 4.16 Hz
serial raw: 7333,3.664,-0.049,-0.628,,2025-06-20T15:09:31 | 頻率: 4.46 Hz
serial raw: 7334,3.664,-0.049,-0.628,,2025-06-20T15:09:31 | 頻率: 4.47 Hz
serial raw: 7335,3.664,-0.049,-0.628,,2025-06-20T15:09:31 | 頻率: 4.46 Hz
serial raw: 7336,3.664,-0.049,-0.628,,2025-06-20T15:09:32 | 頻率: 4.45 Hz
serial raw: 7337,3.664,-0.049,-0.628,,2025-06-20T15:09:32 | 頻率: 4.46 Hz
serial raw: 7338,3.664,-0.049,-0.628,,2025-06-20T15:09:32 | 頻率: 4.47 Hz
serial raw: 7339,3.664,-0.049,-0.628,,2025-06-20T15:09:33 | 頻率: 0.73 Hz
serial raw: 7340,3.664,-0.049,-0.628,,2025-06-20T15:09:34 | 頻率: 4.47 Hz
serial raw: 7341,3.664,-0.049,-0.628,,2025-06-20T15:09:34 | 頻率: 4.44 Hz
serial raw: 7342,3.664,-0.049,-0.628,,2025-06-20T15:09:34 | 頻率: 4.46 Hz
serial raw: 7343,3.664,-0.049,-0.628,,2025-06-20T15:09:34 | 頻率: 4.47 Hz
serial raw: 7344,3.664,-0.049,-0.628,,2025-06-20T15:09:35 | 頻率: 4.45 Hz
serial raw: 7345,3.664,-0.049,-0.628,,2025-06-20T15:09:35 | 頻率: 4.17 Hz
serial raw: 7346,3.664,-0.049,-0.628,,2025-06-20T15:09:35 | 頻率: 4.46 Hz
serial raw: 7347,3.664,-0.049,-0.628,,2025-06-20T15:09:35 | 頻率: 4.16 Hz
serial raw: 7348,3.664,-0.049,-0.628,,2025-06-20T15:09:36 | 頻率: 4.47 Hz
serial raw: 7349,3.664,-0.049,-0.628,,2025-06-20T15:09:36 | 頻率: 4.46 Hz
serial raw: 7350,3.664,-0.049,-0.628,,2025-06-20T15:09:36 | 頻率: 4.46 Hz
serial raw: 7351,3.664,-0.049,-0.628,,2025-06-20T15:09:36 | 頻率: 4.45 Hz
serial raw: 7352,3.664,-0.049,-0.628,,2025-06-20T15:09:36 | 頻率: 4.16 Hz
serial raw: 7353,3.664,-0.049,-0.628,,2025-06-20T15:09:37 | 頻率: 4.47 Hz
serial raw: 7354,3.664,-0.049,-0.628,,2025-06-20T15:09:37 | 頻率: 3.46 Hz
serial raw: 7355,3.664,-0.049,-0.628,,2025-06-20T15:09:37 | 頻率: 4.17 Hz
serial raw: 7356,3.664,-0.049,-0.628,,2025-06-20T15:09:37 | 頻率: 4.47 Hz
serial raw: 7357,3.664,-0.049,-0.628,,2025-06-20T15:09:38 | 頻率: 4.45 Hz
serial raw: 7358,3.664,-0.049,-0.628,,2025-06-20T15:09:38 | 頻率: 4.46 Hz
serial raw: 7359,3.664,-0.049,-0.628,,2025-06-20T15:09:38 | 頻率: 2.84 Hz
serial raw: 7360,3.772,0.078,-0.628,,2025-06-20T15:10:42 | 頻率: 0.02 Hz
serial raw: 7361,3.772,0.078,-0.628,,2025-06-20T15:10:42 | 頻率: 4.17 Hz
serial raw: 7362,3.772,0.078,-0.628,,2025-06-20T15:10:42 | 頻率: 4.17 Hz
serial raw: 7363,3.772,0.078,-0.628,,2025-06-20T15:10:43 | 頻率: 4.15 Hz
serial raw: 7364,3.772,0.078,-0.628,,2025-06-20T15:10:43 | 頻率: 4.16 Hz
serial raw: 7365,3.772,0.078,-0.628,,2025-06-20T15:10:43 | 頻率: 3.91 Hz
serial raw: 7366,3.772,0.078,-0.628,,2025-06-20T15:10:43 | 頻率: 4.16 Hz
serial raw: 7367,3.772,0.078,-0.628,,2025-06-20T15:10:44 | 頻率: 3.28 Hz
serial raw: 7368,3.772,0.078,-0.628,,2025-06-20T15:10:44 | 頻率: 4.16 Hz
serial raw: 7369,3.772,0.078,-0.628,,2025-06-20T15:10:44 | 頻率: 4.16 Hz
serial raw: 7370,3.771,0.078,-0.628,,2025-06-20T15:10:44 | 頻率: 4.17 Hz
serial raw: 7371,3.771,0.078,-0.628,,2025-06-20T15:10:45 | 頻率: 4.16 Hz
serial raw: 7372,3.771,0.078,-0.628,,2025-06-20T15:10:45 | 頻率: 4.46 Hz
serial raw: 7373,3.771,0.078,-0.628,,2025-06-20T15:10:45 | 頻率: 4.16 Hz
serial raw: 7374,3.771,0.078,-0.628,,2025-06-20T15:10:45 | 頻率: 4.17 Hz
serial raw: 7375,3.772,0.078,-0.628,,2025-06-20T15:10:46 | 頻率: 3.90 Hz
serial raw: 7376,3.772,0.078,-0.628,,2025-06-20T15:10:46 | 頻率: 4.46 Hz
serial raw: 7377,3.772,0.078,-0.628,,2025-06-20T15:10:46 | 頻率: 4.17 Hz
serial raw: 7378,3.772,0.078,-0.628,,2025-06-20T15:10:46 | 頻率: 3.67 Hz
serial raw: 7379,3.772,0.078,-0.628,,2025-06-20T15:10:47 | 頻率: 4.15 Hz
serial raw: 7380,3.772,0.078,-0.628,,2025-06-20T15:10:47 | 頻率: 4.16 Hz
serial raw: 7381,3.772,0.078,-0.628,,2025-06-20T15:10:47 | 頻率: 4.16 Hz
serial raw: 7382,3.772,0.078,-0.628,,2025-06-20T15:10:47 | 頻率: 4.46 Hz
serial raw: 7383,3.772,0.078,-0.628,,2025-06-20T15:10:48 | 頻率: 4.17 Hz
serial raw: 7384,3.772,0.078,-0.628,,2025-06-20T15:10:48 | 頻率: 4.17 Hz
serial raw: 7385,3.772,0.078,-0.628,,2025-06-20T15:10:48 | 頻率: 4.15 Hz
serial raw: 7386,3.772,0.078,-0.628,,2025-06-20T15:10:48 | 頻率: 4.48 Hz
serial raw: 7387,3.772,0.078,-0.628,,2025-06-20T15:10:49 | 頻率: 4.15 Hz
serial raw: 7388,3.772,0.078,-0.628,,2025-06-20T15:10:49 | 頻率: 4.17 Hz
serial raw: 7389,3.772,0.078,-0.628,,2025-06-20T15:10:49 | 頻率: 3.29 Hz
serial raw: 7390,3.772,0.078,-0.628,,2025-06-20T15:10:49 | 頻率: 4.46 Hz
serial raw: 7391,3.772,0.078,-0.628,,2025-06-20T15:10:50 | 頻率: 4.17 Hz
serial raw: 7392,3.772,0.078,-0.628,,2025-06-20T15:10:50 | 頻率: 4.16 Hz
serial raw: 7393,3.772,0.078,-0.628,,2025-06-20T15:10:50 | 頻率: 4.45 Hz
serial raw: 7394,3.772,0.079,-0.628,,2025-06-20T15:10:50 | 頻率: 4.17 Hz
serial raw: 7395,3.771,0.078,-0.628,,2025-06-20T15:10:51 | 頻率: 4.15 Hz
serial raw: 7396,3.771,0.077,-0.627,,2025-06-20T15:10:51 | 頻率: 4.16 Hz
serial raw: 7397,3.765,0.079,-0.627,,2025-06-20T15:10:51 | 頻率: 4.17 Hz
serial raw: 7398,3.655,0.102,-0.589,,2025-06-20T15:10:51 | 頻率: 4.45 Hz
serial raw: 7399,3.569,0.154,-0.549,,2025-06-20T15:10:51 | 頻率: 4.18 Hz
serial raw: 7400,3.388,0.298,-0.457,,2025-06-20T15:10:52 | 頻率: 3.28 Hz
serial raw: 7401,3.352,0.315,-0.442,,2025-06-20T15:10:52 | 頻率: 4.16 Hz
serial raw: 7402,3.354,0.296,-0.440,,2025-06-20T15:10:52 | 頻率: 4.18 Hz
serial raw: 7403,3.191,0.258,-0.416,,2025-06-20T15:10:52 | 頻率: 4.16 Hz
serial raw: 7404,3.089,0.233,-0.389,,2025-06-20T15:10:53 | 頻率: 4.17 Hz
serial raw: 7405,3.033,0.206,-0.395,,2025-06-20T15:10:53 | 頻率: 4.15 Hz
serial raw: 7406,2.998,0.170,-0.409,,2025-06-20T15:10:53 | 頻率: 4.16 Hz
serial raw: 7407,2.965,0.118,-0.399,,2025-06-20T15:10:53 | 頻率: 4.17 Hz
serial raw: 7408,2.946,0.080,-0.373,,2025-06-20T15:10:54 | 頻率: 3.92 Hz
serial raw: 7409,2.946,0.073,-0.383,,2025-06-20T15:10:54 | 頻率: 4.15 Hz
serial raw: 7410,2.942,0.104,-0.378,,2025-06-20T15:10:54 | 頻率: 3.29 Hz
serial raw: 7411,2.943,0.110,-0.372,,2025-06-20T15:10:54 | 頻率: 4.46 Hz
serial raw: 7412,2.943,0.115,-0.363,,2025-06-20T15:10:55 | 頻率: 4.15 Hz
serial raw: 7413,2.940,0.101,-0.367,,2025-06-20T15:10:55 | 頻率: 4.16 Hz
serial raw: 7414,2.920,0.075,-0.364,,2025-06-20T15:10:55 | 頻率: 4.16 Hz
serial raw: 7415,2.893,0.029,-0.356,,2025-06-20T15:10:55 | 頻率: 4.17 Hz
serial raw: 7416,2.877,-0.018,-0.354,,2025-06-20T15:10:56 | 頻率: 4.17 Hz
serial raw: 7417,2.865,-0.066,-0.355,,2025-06-20T15:10:56 | 頻率: 4.16 Hz
serial raw: 7418,2.851,-0.119,-0.352,,2025-06-20T15:10:56 | 頻率: 4.16 Hz
serial raw: 7419,2.828,-0.188,-0.356,,2025-06-20T15:10:56 | 頻率: 4.16 Hz
serial raw: 7420,2.776,-0.274,-0.361,,2025-06-20T15:10:57 | 頻率: 3.29 Hz
serial raw: 7421,2.762,-0.291,-0.362,,2025-06-20T15:10:57 | 頻率: 4.16 Hz
serial raw: 7422,2.728,-0.330,-0.358,,2025-06-20T15:10:57 | 頻率: 4.17 Hz
serial raw: 7423,2.692,-0.399,-0.350,,2025-06-20T15:10:57 | 頻率: 4.16 Hz
serial raw: 7424,2.685,-0.446,-0.350,,2025-06-20T15:10:58 | 頻率: 4.16 Hz
serial raw: 7425,2.672,-0.468,-0.355,,2025-06-20T15:10:58 | 頻率: 4.16 Hz
serial raw: 7426,2.634,-0.528,-0.348,,2025-06-20T15:10:58 | 頻率: 4.16 Hz
serial raw: 7427,2.603,-0.587,-0.347,,2025-06-20T15:10:58 | 頻率: 4.17 Hz
serial raw: 7428,2.577,-0.651,-0.339,,2025-06-20T15:10:59 | 頻率: 4.17 Hz
serial raw: 7429,2.571,-0.690,-0.336,,2025-06-20T15:10:59 | 頻率: 4.17 Hz
serial raw: 7430,2.547,-0.759,-0.324,,2025-06-20T15:10:59 | 頻率: 3.90 Hz
serial raw: 7431,2.510,-0.833,-0.301,,2025-06-20T15:10:59 | 頻率: 3.67 Hz
serial raw: 7432,2.498,-0.857,-0.297,,2025-06-20T15:11:00 | 頻率: 4.17 Hz
serial raw: 7433,2.475,-0.905,-0.303,,2025-06-20T15:11:00 | 頻率: 4.16 Hz
serial raw: 7434,2.449,-0.961,-0.311,,2025-06-20T15:11:00 | 頻率: 4.14 Hz
serial raw: 7435,2.419,-1.024,-0.306,,2025-06-20T15:11:00 | 頻率: 4.17 Hz
serial raw: 7436,2.382,-1.089,-0.314,,2025-06-20T15:11:01 | 頻率: 3.90 Hz
serial raw: 7437,2.343,-1.143,-0.315,,2025-06-20T15:11:01 | 頻率: 4.16 Hz
serial raw: 7438,2.308,-1.209,-0.311,,2025-06-20T15:11:01 | 頻率: 4.16 Hz
serial raw: 7439,2.290,-1.258,-0.309,,2025-06-20T15:11:01 | 頻率: 4.16 Hz
serial raw: 7440,2.264,-1.354,-0.310,,2025-06-20T15:11:02 | 頻率: 4.17 Hz
serial raw: 7441,2.249,-1.406,-0.312,,2025-06-20T15:11:02 | 頻率: 3.90 Hz
serial raw: 7442,2.190,-1.501,-0.316,,2025-06-20T15:11:02 | 頻率: 3.68 Hz
serial raw: 7443,2.172,-1.523,-0.319,,2025-06-20T15:11:02 | 頻率: 4.15 Hz
serial raw: 7444,2.131,-1.565,-0.323,,2025-06-20T15:11:03 | 頻率: 4.18 Hz
serial raw: 7445,2.095,-1.606,-0.317,,2025-06-20T15:11:03 | 頻率: 4.44 Hz
serial raw: 7446,2.057,-1.667,-0.312,,2025-06-20T15:11:03 | 頻率: 4.18 Hz
serial raw: 7447,2.034,-1.720,-0.313,,2025-06-20T15:11:03 | 頻率: 3.89 Hz
serial raw: 7448,2.014,-1.787,-0.309,,2025-06-20T15:11:04 | 頻率: 4.17 Hz
serial raw: 7449,1.988,-1.873,-0.310,,2025-06-20T15:11:04 | 頻率: 3.89 Hz
serial raw: 7450,1.955,-1.939,-0.307,,2025-06-20T15:11:04 | 頻率: 4.17 Hz
serial raw: 7451,1.936,-1.969,-0.305,,2025-06-20T15:11:04 | 頻率: 4.45 Hz
serial raw: 7452,1.901,-2.020,-0.306,,2025-06-20T15:11:04 | 頻率: 4.16 Hz
serial raw: 7453,1.839,-2.156,-0.307,,2025-06-20T15:11:05 | 頻率: 3.12 Hz
serial raw: 7454,1.826,-2.183,-0.305,,2025-06-20T15:11:05 | 頻率: 4.46 Hz
serial raw: 7455,1.811,-2.207,-0.305,,2025-06-20T15:11:05 | 頻率: 4.17 Hz
serial raw: 7456,1.777,-2.281,-0.309,,2025-06-20T15:11:06 | 頻率: 4.16 Hz
serial raw: 7457,1.739,-2.358,-0.320,,2025-06-20T15:11:06 | 頻率: 3.90 Hz
serial raw: 7458,1.717,-2.411,-0.328,,2025-06-20T15:11:06 | 頻率: 4.16 Hz
serial raw: 7459,1.681,-2.497,-0.327,,2025-06-20T15:11:06 | 頻率: 3.90 Hz
serial raw: 7460,1.651,-2.550,-0.323,,2025-06-20T15:11:06 | 頻率: 4.17 Hz
serial raw: 7461,1.612,-2.610,-0.326,,2025-06-20T15:11:07 | 頻率: 4.17 Hz
serial raw: 7462,1.555,-2.690,-0.340,,2025-06-20T15:11:07 | 頻率: 3.91 Hz
serial raw: 7463,1.463,-2.810,-0.338,,2025-06-20T15:11:07 | 頻率: 3.28 Hz
serial raw: 7464,1.438,-2.847,-0.335,,2025-06-20T15:11:08 | 頻率: 4.17 Hz
serial raw: 7465,1.403,-2.900,-0.340,,2025-06-20T15:11:08 | 頻率: 4.44 Hz
serial raw: 7466,1.368,-2.984,-0.342,,2025-06-20T15:11:08 | 頻率: 4.18 Hz
serial raw: 7467,1.358,-3.013,-0.340,,2025-06-20T15:11:08 | 頻率: 4.15 Hz
serial raw: 7468,1.326,-3.081,-0.330,,2025-06-20T15:11:08 | 頻率: 3.90 Hz
serial raw: 7469,1.307,-3.123,-0.324,,2025-06-20T15:11:09 | 頻率: 4.16 Hz
serial raw: 7470,1.264,-3.194,-0.321,,2025-06-20T15:11:09 | 頻率: 3.90 Hz
serial raw: 7471,1.224,-3.245,-0.321,,2025-06-20T15:11:09 | 頻率: 4.17 Hz
serial raw: 7472,1.181,-3.304,-0.316,,2025-06-20T15:11:09 | 頻率: 4.15 Hz
serial raw: 7473,1.154,-3.339,-0.306,,2025-06-20T15:11:10 | 頻率: 4.47 Hz
serial raw: 7474,1.113,-3.491,-0.308,,2025-06-20T15:11:10 | 頻率: 3.12 Hz
serial raw: 7475,1.100,-3.520,-0.309,,2025-06-20T15:11:10 | 頻率: 4.17 Hz
serial raw: 7476,1.068,-3.593,-0.313,,2025-06-20T15:11:10 | 頻率: 4.16 Hz
serial raw: 7477,1.043,-3.640,-0.309,,2025-06-20T15:11:11 | 頻率: 4.17 Hz
serial raw: 7478,1.015,-3.679,-0.305,,2025-06-20T15:11:11 | 頻率: 3.90 Hz
serial raw: 7479,0.975,-3.742,-0.307,,2025-06-20T15:11:11 | 頻率: 4.17 Hz
serial raw: 7480,0.939,-3.814,-0.315,,2025-06-20T15:11:11 | 頻率: 4.15 Hz
serial raw: 7481,0.919,-3.861,-0.317,,2025-06-20T15:11:12 | 頻率: 4.16 Hz
serial raw: 7482,0.880,-3.945,-0.310,,2025-06-20T15:11:12 | 頻率: 4.17 Hz
serial raw: 7483,0.855,-3.995,-0.308,,2025-06-20T15:11:12 | 頻率: 4.16 Hz
serial raw: 7484,0.810,-4.070,-0.306,,2025-06-20T15:11:12 | 頻率: 3.92 Hz
serial raw: 7485,0.736,-4.241,-0.304,,2025-06-20T15:11:13 | 頻率: 3.46 Hz
serial raw: 7486,0.726,-4.290,-0.310,,2025-06-20T15:11:13 | 頻率: 4.17 Hz
serial raw: 7487,0.716,-4.319,-0.313,,2025-06-20T15:11:13 | 頻率: 4.16 Hz
serial raw: 7488,0.705,-4.346,-0.314,,2025-06-20T15:11:13 | 頻率: 4.46 Hz
serial raw: 7489,0.685,-4.400,-0.313,,2025-06-20T15:11:14 | 頻率: 3.90 Hz
serial raw: 7490,0.626,-4.519,-0.308,,2025-06-20T15:11:14 | 頻率: 3.90 Hz
serial raw: 7491,0.588,-4.613,-0.300,,2025-06-20T15:11:14 | 頻率: 4.17 Hz
serial raw: 7492,0.556,-4.691,-0.291,,2025-06-20T15:11:14 | 頻率: 4.15 Hz
serial raw: 7493,0.533,-4.761,-0.288,,2025-06-20T15:11:15 | 頻率: 3.90 Hz
serial raw: 7494,0.516,-4.785,-0.289,,2025-06-20T15:11:15 | 頻率: 4.46 Hz
serial raw: 7495,0.495,-4.841,-0.297,,2025-06-20T15:11:15 | 頻率: 4.17 Hz
serial raw: 7496,0.389,-4.904,-0.310,,2025-06-20T15:11:15 | 頻率: 3.46 Hz
serial raw: 7497,0.367,-4.916,-0.307,,2025-06-20T15:11:16 | 頻率: 4.17 Hz
serial raw: 7498,0.319,-4.942,-0.301,,2025-06-20T15:11:16 | 頻率: 4.15 Hz
serial raw: 7499,0.259,-4.978,-0.295,,2025-06-20T15:11:16 | 頻率: 4.17 Hz
serial raw: 7500,0.233,-5.000,-0.299,,2025-06-20T15:11:16 | 頻率: 4.16 Hz
serial raw: 7501,0.141,-5.052,-0.296,,2025-06-20T15:11:17 | 頻率: 4.17 Hz
serial raw: 7502,0.083,-5.067,-0.294,,2025-06-20T15:11:17 | 頻率: 4.17 Hz
serial raw: 7503,0.017,-5.082,-0.295,,2025-06-20T15:11:17 | 頻率: 4.16 Hz
serial raw: 7504,-0.053,-5.100,-0.299,,2025-06-20T15:11:17 | 頻率: 4.15 Hz
serial raw: 7505,-0.111,-5.114,-0.303,,2025-06-20T15:11:18 | 頻率: 4.18 Hz
serial raw: 7506,-0.194,-5.140,-0.297,,2025-06-20T15:11:18 | 頻率: 3.90 Hz
serial raw: 7507,-0.357,-5.178,-0.296,,2025-06-20T15:11:18 | 頻率: 3.28 Hz
serial raw: 7508,-0.402,-5.182,-0.293,,2025-06-20T15:11:18 | 頻率: 4.16 Hz
serial raw: 7509,-0.504,-5.185,-0.286,,2025-06-20T15:11:19 | 頻率: 4.17 Hz
serial raw: 7510,-0.585,-5.188,-0.289,,2025-06-20T15:11:19 | 頻率: 4.16 Hz
serial raw: 7511,-0.642,-5.187,-0.295,,2025-06-20T15:11:19 | 頻率: 4.17 Hz
serial raw: 7512,-0.741,-5.174,-0.287,,2025-06-20T15:11:19 | 頻率: 3.91 Hz
serial raw: 7513,-0.829,-5.150,-0.279,,2025-06-20T15:11:20 | 頻率: 4.15 Hz
serial raw: 7514,-0.878,-5.136,-0.274,,2025-06-20T15:11:20 | 頻率: 4.17 Hz
serial raw: 7515,-0.982,-5.107,-0.274,,2025-06-20T15:11:20 | 頻率: 3.90 Hz
serial raw: 7516,-1.068,-5.064,-0.267,,2025-06-20T15:11:20 | 頻率: 4.16 Hz
serial raw: 7517,-1.140,-5.039,-0.265,,2025-06-20T15:11:21 | 頻率: 4.17 Hz
serial raw: 7518,-1.264,-4.962,-0.271,,2025-06-20T15:11:21 | 頻率: 3.47 Hz
serial raw: 7519,-1.291,-4.944,-0.266,,2025-06-20T15:11:21 | 頻率: 4.17 Hz
serial raw: 7520,-1.330,-4.915,-0.260,,2025-06-20T15:11:21 | 頻率: 4.17 Hz
serial raw: 7521,-1.406,-4.870,-0.255,,2025-06-20T15:11:22 | 頻率: 4.15 Hz
serial raw: 7522,-1.469,-4.843,-0.254,,2025-06-20T15:11:22 | 頻率: 4.17 Hz
serial raw: 7523,-1.537,-4.812,-0.254,,2025-06-20T15:11:22 | 頻率: 3.90 Hz
serial raw: 7524,-1.596,-4.788,-0.253,,2025-06-20T15:11:22 | 頻率: 4.17 Hz
serial raw: 7525,-1.643,-4.757,-0.251,,2025-06-20T15:11:23 | 頻率: 3.91 Hz
serial raw: 7526,-1.705,-4.705,-0.258,,2025-06-20T15:11:23 | 頻率: 3.90 Hz
serial raw: 7527,-1.749,-4.670,-0.256,,2025-06-20T15:11:23 | 頻率: 4.15 Hz
serial raw: 7528,-1.848,-4.566,-0.265,,2025-06-20T15:11:23 | 頻率: 3.13 Hz
serial raw: 7529,-1.865,-4.549,-0.265,,2025-06-20T15:11:24 | 頻率: 4.16 Hz
serial raw: 7530,-1.903,-4.523,-0.267,,2025-06-20T15:11:24 | 頻率: 4.17 Hz
serial raw: 7531,-1.955,-4.478,-0.264,,2025-06-20T15:11:24 | 頻率: 3.90 Hz
serial raw: 7532,-1.974,-4.444,-0.259,,2025-06-20T15:11:24 | 頻率: 4.16 Hz
serial raw: 7533,-1.986,-4.405,-0.260,,2025-06-20T15:11:25 | 頻率: 3.90 Hz
serial raw: 7534,-1.984,-4.379,-0.266,,2025-06-20T15:11:25 | 頻率: 4.17 Hz
serial raw: 7535,-1.967,-4.364,-0.266,,2025-06-20T15:11:25 | 頻率: 4.16 Hz
serial raw: 7536,-1.950,-4.372,-0.259,,2025-06-20T15:11:25 | 頻率: 4.17 Hz
serial raw: 7537,-1.912,-4.390,-0.251,,2025-06-20T15:11:26 | 頻率: 4.15 Hz
serial raw: 7538,-1.816,-4.468,-0.260,,2025-06-20T15:11:26 | 頻率: 3.29 Hz
serial raw: 7539,-1.789,-4.489,-0.261,,2025-06-20T15:11:26 | 頻率: 4.17 Hz
serial raw: 7540,-1.736,-4.528,-0.264,,2025-06-20T15:11:26 | 頻率: 4.17 Hz
serial raw: 7541,-1.675,-4.572,-0.267,,2025-06-20T15:11:27 | 頻率: 4.15 Hz
serial raw: 7542,-1.626,-4.603,-0.258,,2025-06-20T15:11:27 | 頻率: 4.17 Hz
serial raw: 7543,-1.561,-4.639,-0.254,,2025-06-20T15:11:27 | 頻率: 4.17 Hz
serial raw: 7544,-1.469,-4.695,-0.256,,2025-06-20T15:11:27 | 頻率: 3.91 Hz
serial raw: 7545,-1.400,-4.737,-0.262,,2025-06-20T15:11:28 | 頻率: 4.16 Hz
serial raw: 7546,-1.350,-4.778,-0.266,,2025-06-20T15:11:28 | 頻率: 4.15 Hz
serial raw: 7547,-1.248,-4.856,-0.264,,2025-06-20T15:11:28 | 頻率: 3.90 Hz
serial raw: 7548,-1.174,-4.904,-0.269,,2025-06-20T15:11:28 | 頻率: 4.17 Hz
serial raw: 7549,-1.013,-5.002,-0.268,,2025-06-20T15:11:29 | 頻率: 2.97 Hz
serial raw: 7550,-0.977,-5.022,-0.267,,2025-06-20T15:11:29 | 頻率: 4.17 Hz
serial raw: 7551,-0.922,-5.049,-0.267,,2025-06-20T15:11:29 | 頻率: 4.15 Hz
serial raw: 7552,-0.818,-5.104,-0.273,,2025-06-20T15:11:29 | 頻率: 4.17 Hz
serial raw: 7553,-0.757,-5.133,-0.270,,2025-06-20T15:11:30 | 頻率: 3.90 Hz
serial raw: 7554,-0.649,-5.188,-0.267,,2025-06-20T15:11:30 | 頻率: 4.16 Hz
serial raw: 7555,-0.619,-5.205,-0.267,,2025-06-20T15:11:30 | 頻率: 4.16 Hz
serial raw: 7556,-0.527,-5.238,-0.261,,2025-06-20T15:11:30 | 頻率: 3.91 Hz
serial raw: 7557,-0.454,-5.246,-0.255,,2025-06-20T15:11:31 | 頻率: 4.17 Hz
serial raw: 7558,-0.368,-5.268,-0.252,,2025-06-20T15:11:31 | 頻率: 4.16 Hz
serial raw: 7559,-0.270,-5.282,-0.259,,2025-06-20T15:11:31 | 頻率: 4.16 Hz
serial raw: 7560,-0.127,-5.295,-0.274,,2025-06-20T15:11:31 | 頻率: 3.29 Hz
serial raw: 7561,-0.092,-5.298,-0.279,,2025-06-20T15:11:32 | 頻率: 4.16 Hz
serial raw: 7562,-0.056,-5.298,-0.282,,2025-06-20T15:11:32 | 頻率: 4.15 Hz
serial raw: 7563,0.057,-5.277,-0.280,,2025-06-20T15:11:32 | 頻率: 4.18 Hz
serial raw: 7564,0.116,-5.254,-0.277,,2025-06-20T15:11:32 | 頻率: 4.14 Hz
serial raw: 7565,0.207,-5.202,-0.280,,2025-06-20T15:11:33 | 頻率: 3.92 Hz
serial raw: 7566,0.282,-5.146,-0.285,,2025-06-20T15:11:33 | 頻率: 4.16 Hz
serial raw: 7567,0.320,-5.111,-0.288,,2025-06-20T15:11:33 | 頻率: 4.15 Hz
serial raw: 7568,0.349,-5.068,-0.283,,2025-06-20T15:11:33 | 頻率: 4.17 Hz
serial raw: 7569,0.372,-5.023,-0.275,,2025-06-20T15:11:34 | 頻率: 3.91 Hz
serial raw: 7570,0.409,-4.964,-0.277,,2025-06-20T15:11:34 | 頻率: 4.15 Hz
serial raw: 7571,0.470,-4.852,-0.275,,2025-06-20T15:11:34 | 頻率: 3.12 Hz
serial raw: 7572,0.482,-4.831,-0.272,,2025-06-20T15:11:34 | 頻率: 4.18 Hz
serial raw: 7573,0.504,-4.776,-0.269,,2025-06-20T15:11:35 | 頻率: 4.15 Hz
serial raw: 7574,0.528,-4.710,-0.266,,2025-06-20T15:11:35 | 頻率: 3.92 Hz
serial raw: 7575,0.559,-4.642,-0.264,,2025-06-20T15:11:35 | 頻率: 4.14 Hz
serial raw: 7576,0.599,-4.568,-0.265,,2025-06-20T15:11:35 | 頻率: 4.17 Hz
serial raw: 7577,0.646,-4.512,-0.258,,2025-06-20T15:11:36 | 頻率: 4.16 Hz
serial raw: 7578,0.668,-4.508,-0.259,,2025-06-20T15:11:36 | 頻率: 4.16 Hz
serial raw: 7579,0.680,-4.348,-0.251,,2025-06-20T15:11:36 | 頻率: 4.16 Hz
serial raw: 7580,0.699,-4.263,-0.253,,2025-06-20T15:11:36 | 頻率: 4.17 Hz
serial raw: 7581,0.718,-4.179,-0.257,,2025-06-20T15:11:37 | 頻率: 4.17 Hz
serial raw: 7582,0.732,-4.135,-0.252,,2025-06-20T15:11:37 | 頻率: 4.17 Hz
serial raw: 7583,0.809,-3.954,-0.238,,2025-06-20T15:11:37 | 頻率: 2.71 Hz
serial raw: 7584,0.826,-3.916,-0.237,,2025-06-20T15:11:37 | 頻率: 4.16 Hz
serial raw: 7585,0.853,-3.861,-0.236,,2025-06-20T15:11:38 | 頻率: 4.46 Hz
serial raw: 7586,0.899,-3.755,-0.236,,2025-06-20T15:11:38 | 頻率: 3.91 Hz
serial raw: 7587,0.928,-3.677,-0.235,,2025-06-20T15:11:38 | 頻率: 4.18 Hz
serial raw: 7588,0.952,-3.615,-0.235,,2025-06-20T15:11:38 | 頻率: 4.14 Hz
serial raw: 7589,0.983,-3.543,-0.227,,2025-06-20T15:11:39 | 頻率: 4.17 Hz
serial raw: 7590,1.006,-3.488,-0.218,,2025-06-20T15:11:39 | 頻率: 4.17 Hz
serial raw: 7591,1.040,-3.413,-0.217,,2025-06-20T15:11:39 | 頻率: 4.17 Hz
serial raw: 7592,1.090,-3.311,-0.226,,2025-06-20T15:11:39 | 頻率: 3.91 Hz
serial raw: 7593,1.128,-3.243,-0.230,,2025-06-20T15:11:40 | 頻率: 4.15 Hz
serial raw: 7594,1.224,-3.057,-0.226,,2025-06-20T15:11:40 | 頻率: 2.84 Hz
serial raw: 7595,1.237,-3.023,-0.226,,2025-06-20T15:11:40 | 頻率: 4.17 Hz
serial raw: 7596,1.257,-2.972,-0.226,,2025-06-20T15:11:40 | 頻率: 4.17 Hz
serial raw: 7597,1.297,-2.867,-0.223,,2025-06-20T15:11:41 | 頻率: 3.90 Hz
serial raw: 7598,1.342,-2.819,-0.220,,2025-06-20T15:11:41 | 頻率: 4.45 Hz
serial raw: 7599,1.376,-2.721,-0.219,,2025-06-20T15:11:41 | 頻率: 3.90 Hz
serial raw: 7600,1.397,-2.687,-0.220,,2025-06-20T15:11:41 | 頻率: 4.16 Hz
serial raw: 7601,1.437,-2.624,-0.219,,2025-06-20T15:11:42 | 頻率: 4.16 Hz
serial raw: 7602,1.504,-2.494,-0.216,,2025-06-20T15:11:42 | 頻率: 3.91 Hz
serial raw: 7603,1.528,-2.416,-0.226,,2025-06-20T15:11:42 | 頻率: 3.91 Hz
serial raw: 7604,1.534,-2.389,-0.232,,2025-06-20T15:11:42 | 頻率: 4.46 Hz
serial raw: 7605,1.587,-2.240,-0.226,,2025-06-20T15:11:43 | 頻率: 3.67 Hz
serial raw: 7606,1.605,-2.205,-0.225,,2025-06-20T15:11:43 | 頻率: 3.91 Hz
serial raw: 7607,1.621,-2.177,-0.223,,2025-06-20T15:11:43 | 頻率: 4.17 Hz
serial raw: 7608,1.678,-2.082,-0.217,,2025-06-20T15:11:43 | 頻率: 3.90 Hz
serial raw: 7609,1.712,-2.021,-0.215,,2025-06-20T15:11:44 | 頻率: 4.18 Hz
serial raw: 7610,1.761,-1.935,-0.221,,2025-06-20T15:11:44 | 頻率: 4.15 Hz
serial raw: 7611,1.800,-1.852,-0.226,,2025-06-20T15:11:44 | 頻率: 3.90 Hz
serial raw: 7612,1.823,-1.797,-0.230,,2025-06-20T15:11:44 | 頻率: 4.17 Hz
serial raw: 7613,1.842,-1.740,-0.229,,2025-06-20T15:11:45 | 頻率: 3.89 Hz
serial raw: 7614,1.879,-1.655,-0.217,,2025-06-20T15:11:45 | 頻率: 3.90 Hz
serial raw: 7615,1.969,-1.466,-0.210,,2025-06-20T15:11:45 | 頻率: 2.61 Hz
serial raw: 7616,1.984,-1.434,-0.209,,2025-06-20T15:11:46 | 頻率: 4.45 Hz
serial raw: 7617,2.011,-1.369,-0.212,,2025-06-20T15:11:46 | 頻率: 3.91 Hz
serial raw: 7618,2.027,-1.311,-0.221,,2025-06-20T15:11:46 | 頻率: 4.17 Hz
serial raw: 7619,2.048,-1.234,-0.232,,2025-06-20T15:11:46 | 頻率: 4.16 Hz
serial raw: 7620,2.078,-1.133,-0.233,,2025-06-20T15:11:47 | 頻率: 3.89 Hz
serial raw: 7621,2.113,-1.054,-0.225,,2025-06-20T15:11:47 | 頻率: 3.91 Hz
serial raw: 7622,2.154,-0.969,-0.227,,2025-06-20T15:11:47 | 頻率: 4.16 Hz
serial raw: 7623,2.185,-0.897,-0.226,,2025-06-20T15:11:47 | 頻率: 4.16 Hz
serial raw: 7624,2.222,-0.794,-0.227,,2025-06-20T15:11:48 | 頻率: 3.90 Hz
serial raw: 7625,2.260,-0.640,-0.233,,2025-06-20T15:11:48 | 頻率: 3.29 Hz
serial raw: 7626,2.265,-0.605,-0.236,,2025-06-20T15:11:48 | 頻率: 4.16 Hz
serial raw: 7627,2.284,-0.542,-0.238,,2025-06-20T15:11:48 | 頻率: 4.17 Hz
serial raw: 7628,2.308,-0.487,-0.230,,2025-06-20T15:11:49 | 頻率: 3.91 Hz
serial raw: 7629,2.337,-0.411,-0.234,,2025-06-20T15:11:49 | 頻率: 4.17 Hz
serial raw: 7630,2.379,-0.310,-0.235,,2025-06-20T15:11:49 | 頻率: 4.15 Hz
serial raw: 7631,2.392,-0.274,-0.239,,2025-06-20T15:11:49 | 頻率: 4.18 Hz
serial raw: 7632,2.431,-0.179,-0.249,,2025-06-20T15:11:50 | 頻率: 3.90 Hz
serial raw: 7633,2.460,-0.132,-0.261,,2025-06-20T15:11:50 | 頻率: 4.16 Hz
serial raw: 7634,2.514,-0.079,-0.281,,2025-06-20T15:11:50 | 頻率: 3.91 Hz
serial raw: 7635,2.544,-0.051,-0.289,,2025-06-20T15:11:50 | 頻率: 4.45 Hz
serial raw: 7636,2.636,0.022,-0.279,,2025-06-20T15:11:51 | 頻率: 3.47 Hz
serial raw: 7637,2.662,0.036,-0.284,,2025-06-20T15:11:51 | 頻率: 4.46 Hz
serial raw: 7638,2.697,0.054,-0.292,,2025-06-20T15:11:51 | 頻率: 4.17 Hz
serial raw: 7639,2.734,0.072,-0.293,,2025-06-20T15:11:51 | 頻率: 4.17 Hz
serial raw: 7640,2.806,0.071,-0.296,,2025-06-20T15:11:52 | 頻率: 3.91 Hz
serial raw: 7641,2.861,0.065,-0.301,,2025-06-20T15:11:52 | 頻率: 4.15 Hz
serial raw: 7642,2.912,0.065,-0.298,,2025-06-20T15:11:52 | 頻率: 3.91 Hz
serial raw: 7643,2.993,0.064,-0.316,,2025-06-20T15:11:52 | 頻率: 4.16 Hz
serial raw: 7644,3.046,0.058,-0.337,,2025-06-20T15:11:52 | 頻率: 3.89 Hz
serial raw: 7645,3.096,0.050,-0.354,,2025-06-20T15:11:53 | 頻率: 4.17 Hz
serial raw: 7646,3.272,0.047,-0.411,,2025-06-20T15:11:53 | 頻率: 3.28 Hz
serial raw: 7647,3.303,0.051,-0.419,,2025-06-20T15:11:53 | 頻率: 4.17 Hz
serial raw: 7648,3.331,0.055,-0.425,,2025-06-20T15:11:54 | 頻率: 4.15 Hz
serial raw: 7649,3.418,0.077,-0.442,,2025-06-20T15:11:54 | 頻率: 4.17 Hz
serial raw: 7650,3.458,0.089,-0.458,,2025-06-20T15:11:54 | 頻率: 4.16 Hz
serial raw: 7651,3.529,0.104,-0.487,,2025-06-20T15:11:54 | 頻率: 3.91 Hz
serial raw: 7652,3.562,0.100,-0.507,,2025-06-20T15:11:55 | 頻率: 3.91 Hz
serial raw: 7653,3.595,0.099,-0.529,,2025-06-20T15:11:55 | 頻率: 4.17 Hz
serial raw: 7654,3.632,0.113,-0.557,,2025-06-20T15:11:55 | 頻率: 3.90 Hz
serial raw: 7655,3.675,0.100,-0.582,,2025-06-20T15:11:55 | 頻率: 4.17 Hz
serial raw: 7656,3.720,0.080,-0.597,,2025-06-20T15:11:55 | 頻率: 4.16 Hz
serial raw: 7657,3.768,0.086,-0.623,,2025-06-20T15:11:56 | 頻率: 3.12 Hz
serial raw: 7658,3.777,0.084,-0.626,,2025-06-20T15:11:56 | 頻率: 4.15 Hz
serial raw: 7659,3.799,0.084,-0.628,,2025-06-20T15:11:56 | 頻率: 4.16 Hz
serial raw: 7660,3.809,0.084,-0.625,,2025-06-20T15:11:57 | 頻率: 3.91 Hz
serial raw: 7661,3.823,0.087,-0.628,,2025-06-20T15:11:57 | 頻率: 4.16 Hz
serial raw: 7662,3.822,0.091,-0.629,,2025-06-20T15:11:57 | 頻率: 4.17 Hz
serial raw: 7663,3.822,0.091,-0.629,,2025-06-20T15:11:57 | 頻率: 3.90 Hz
serial raw: 7664,3.822,0.091,-0.629,,2025-06-20T15:11:58 | 頻率: 4.15 Hz
serial raw: 7665,3.822,0.091,-0.629,,2025-06-20T15:11:58 | 頻率: 4.17 Hz
serial raw: 7666,3.822,0.091,-0.629,,2025-06-20T15:11:58 | 頻率: 4.16 Hz
serial raw: 7667,3.821,0.091,-0.628,,2025-06-20T15:11:58 | 頻率: 3.13 Hz
serial raw: 7668,3.822,0.091,-0.629,,2025-06-20T15:11:59 | 頻率: 4.44 Hz
serial raw: 7669,3.822,0.091,-0.629,,2025-06-20T15:11:59 | 頻率: 4.17 Hz
serial raw: 7670,3.822,0.091,-0.629,,2025-06-20T15:11:59 | 頻率: 3.90 Hz
serial raw: 7671,3.822,0.091,-0.629,,2025-06-20T15:11:59 | 頻率: 4.17 Hz
serial raw: 7672,3.822,0.091,-0.629,,2025-06-20T15:12:00 | 頻率: 3.90 Hz
serial raw: 7673,3.822,0.091,-0.629,,2025-06-20T15:12:00 | 頻率: 4.17 Hz
serial raw: 7674,3.822,0.091,-0.629,,2025-06-20T15:12:00 | 頻率: 3.90 Hz
serial raw: 7675,3.822,0.091,-0.629,,2025-06-20T15:12:00 | 頻率: 3.90 Hz
serial raw: 7676,3.822,0.091,-0.629,,2025-06-20T15:12:01 | 頻率: 4.44 Hz
serial raw: 7677,3.822,0.091,-0.629,,2025-06-20T15:12:01 | 頻率: 3.12 Hz
serial raw: 7678,3.822,0.091,-0.629,,2025-06-20T15:12:01 | 頻率: 4.17 Hz
serial raw: 7679,3.822,0.091,-0.629,,2025-06-20T15:12:01 | 頻率: 4.17 Hz
serial raw: 7680,3.822,0.091,-0.629,,2025-06-20T15:12:02 | 頻率: 4.15 Hz
serial raw: 7681,3.822,0.091,-0.629,,2025-06-20T15:12:02 | 頻率: 4.16 Hz
serial raw: 7682,3.822,0.091,-0.629,,2025-06-20T15:12:02 | 頻率: 3.91 Hz
serial raw: 7683,3.822,0.091,-0.629,,2025-06-20T15:12:02 | 頻率: 4.17 Hz
serial raw: 7684,3.822,0.091,-0.629,,2025-06-20T15:12:03 | 頻率: 4.16 Hz
serial raw: 7685,3.822,0.091,-0.629,,2025-06-20T15:12:03 | 頻率: 4.17 Hz
serial raw: 7686,3.822,0.091,-0.629,,2025-06-20T15:12:03 | 頻率: 4.15 Hz
serial raw: 7687,3.823,0.091,-0.630,,2025-06-20T15:12:03 | 頻率: 4.17 Hz
serial raw: 7688,3.823,0.091,-0.629,,2025-06-20T15:12:04 | 頻率: 2.23 Hz
serial raw: 7689,3.822,0.091,-0.628,,2025-06-20T15:12:04 | 頻率: 4.17 Hz
serial raw: 7690,3.822,0.091,-0.629,,2025-06-20T15:12:04 | 頻率: 3.90 Hz
serial raw: 7691,3.823,0.090,-0.627,,2025-06-20T15:12:05 | 頻率: 1.49 Hz
serial raw: 7692,3.823,0.091,-0.629,,2025-06-20T15:12:05 | 頻率: 4.17 Hz
serial raw: 7693,3.822,0.091,-0.629,,2025-06-20T15:12:05 | 頻率: 4.15 Hz
serial raw: 7694,3.822,0.091,-0.629,,2025-06-20T15:12:06 | 頻率: 3.91 Hz
serial raw: 7695,3.822,0.091,-0.628,,2025-06-20T15:12:06 | 頻率: 4.17 Hz
serial raw: 7696,3.822,0.091,-0.628,,2025-06-20T15:12:06 | 頻率: 3.90 Hz
serial raw: 7697,3.822,0.091,-0.629,,2025-06-20T15:12:06 | 頻率: 4.15 Hz
serial raw: 7698,3.822,0.091,-0.629,,2025-06-20T15:12:07 | 頻率: 3.92 Hz
serial raw: 7699,3.822,0.091,-0.629,,2025-06-20T15:12:07 | 頻率: 3.90 Hz
serial raw: 7700,3.822,0.091,-0.629,,2025-06-20T15:12:07 | 頻率: 3.12 Hz
serial raw: 7701,3.822,0.091,-0.629,,2025-06-20T15:12:07 | 頻率: 3.90 Hz
serial raw: 7702,3.822,0.091,-0.629,,2025-06-20T15:12:08 | 頻率: 4.46 Hz
serial raw: 7703,3.822,0.091,-0.629,,2025-06-20T15:12:08 | 頻率: 3.89 Hz
serial raw: 7704,3.822,0.091,-0.629,,2025-06-20T15:12:08 | 頻率: 4.17 Hz
serial raw: 7705,3.822,0.091,-0.629,,2025-06-20T15:12:08 | 頻率: 3.91 Hz
serial raw: 7706,3.822,0.091,-0.629,,2025-06-20T15:12:09 | 頻率: 4.16 Hz
serial raw: 7707,3.822,0.091,-0.629,,2025-06-20T15:12:09 | 頻率: 3.89 Hz
serial raw: 7708,3.822,0.091,-0.629,,2025-06-20T15:12:09 | 頻率: 4.16 Hz
serial raw: 7709,3.822,0.091,-0.629,,2025-06-20T15:12:09 | 頻率: 3.48 Hz
serial raw: 7710,3.822,0.091,-0.629,,2025-06-20T15:12:10 | 頻率: 4.16 Hz

程式結束
PS D:\_02_Code\ArduinoProject\RP2040-ETH\TestTool> python .\RTS_NEH_LocationPublisher2.py
client: connected to server
serial: connected to COM16
請輸入原點經緯度與高度 (lat lon alt): 24.946871 121.229554 10
原點設定成功：lat=24.946871, lon=121.229554, alt=10.0
serial raw: 7711,3.761,0.146,-0.628,,2025-06-20T15:18:18
serial raw: 7712,3.761,0.146,-0.628,,2025-06-20T15:18:18 | 頻率: 4.15 Hz
serial raw: 7713,3.761,0.146,-0.628,,2025-06-20T15:18:18 | 頻率: 4.18 Hz
serial raw: 7714,3.761,0.146,-0.628,,2025-06-20T15:18:18 | 頻率: 3.89 Hz
serial raw: 7715,3.761,0.146,-0.628,,2025-06-20T15:18:19 | 頻率: 4.16 Hz
serial raw: 7716,3.761,0.146,-0.628,,2025-06-20T15:18:19 | 頻率: 4.16 Hz
serial raw: 7717,3.761,0.146,-0.628,,2025-06-20T15:18:19 | 頻率: 4.16 Hz
serial raw: 7718,3.761,0.146,-0.628,,2025-06-20T15:18:19 | 頻率: 3.29 Hz
serial raw: 7719,3.761,0.146,-0.628,,2025-06-20T15:18:20 | 頻率: 4.17 Hz
serial raw: 7720,3.761,0.146,-0.628,,2025-06-20T15:18:20 | 頻率: 4.17 Hz
serial raw: 7721,3.761,0.146,-0.628,,2025-06-20T15:18:20 | 頻率: 3.89 Hz
serial raw: 7722,3.761,0.146,-0.628,,2025-06-20T15:18:20 | 頻率: 3.90 Hz
serial raw: 7723,3.761,0.145,-0.628,,2025-06-20T15:18:21 | 頻率: 4.17 Hz
serial raw: 7724,3.761,0.146,-0.628,,2025-06-20T15:18:21 | 頻率: 3.91 Hz
serial raw: 7725,3.761,0.146,-0.628,,2025-06-20T15:18:21 | 頻率: 3.91 Hz
serial raw: 7726,3.761,0.146,-0.628,,2025-06-20T15:18:21 | 頻率: 3.89 Hz
serial raw: 7727,3.761,0.145,-0.628,,2025-06-20T15:18:22 | 頻率: 4.16 Hz
serial raw: 7728,3.761,0.146,-0.628,,2025-06-20T15:18:22 | 頻率: 3.29 Hz
serial raw: 7729,3.761,0.146,-0.628,,2025-06-20T15:18:22 | 頻率: 4.15 Hz
serial raw: 7730,3.761,0.146,-0.628,,2025-06-20T15:18:23 | 頻率: 3.92 Hz
serial raw: 7731,3.761,0.146,-0.628,,2025-06-20T15:18:23 | 頻率: 4.15 Hz
serial raw: 7732,3.761,0.146,-0.628,,2025-06-20T15:18:23 | 頻率: 3.68 Hz
serial raw: 7733,3.761,0.146,-0.628,,2025-06-20T15:18:23 | 頻率: 4.17 Hz
serial raw: 7734,3.761,0.146,-0.628,,2025-06-20T15:18:24 | 頻率: 3.89 Hz
serial raw: 7735,3.761,0.145,-0.628,,2025-06-20T15:18:24 | 頻率: 4.17 Hz
serial raw: 7736,3.761,0.146,-0.628,,2025-06-20T15:18:24 | 頻率: 3.89 Hz
serial raw: 7737,3.761,0.146,-0.628,,2025-06-20T15:18:24 | 頻率: 4.18 Hz
serial raw: 7738,3.761,0.146,-0.628,,2025-06-20T15:18:25 | 頻率: 2.97 Hz
serial raw: 7739,3.761,0.146,-0.628,,2025-06-20T15:18:25 | 頻率: 4.46 Hz
serial raw: 7740,3.761,0.146,-0.628,,2025-06-20T15:18:25 | 頻率: 4.17 Hz
serial raw: 7741,3.761,0.146,-0.628,,2025-06-20T15:18:25 | 頻率: 3.90 Hz
serial raw: 7742,3.761,0.146,-0.628,,2025-06-20T15:18:26 | 頻率: 3.90 Hz
serial raw: 7743,3.761,0.146,-0.628,,2025-06-20T15:18:26 | 頻率: 4.16 Hz
serial raw: 7744,3.761,0.146,-0.628,,2025-06-20T15:18:26 | 頻率: 4.16 Hz
serial raw: 7745,3.761,0.146,-0.628,,2025-06-20T15:18:26 | 頻率: 4.18 Hz
serial raw: 7746,3.761,0.146,-0.628,,2025-06-20T15:18:27 | 頻率: 4.17 Hz
serial raw: 7747,3.761,0.146,-0.628,,2025-06-20T15:18:27 | 頻率: 3.90 Hz
serial raw: 7748,3.761,0.146,-0.628,,2025-06-20T15:18:27 | 頻率: 3.90 Hz
serial raw: 7749,3.761,0.146,-0.628,,2025-06-20T15:18:27 | 頻率: 3.67 Hz
serial raw: 7750,3.761,0.146,-0.628,,2025-06-20T15:18:28 | 頻率: 4.17 Hz
serial raw: 7751,3.761,0.146,-0.628,,2025-06-20T15:18:28 | 頻率: 3.90 Hz
serial raw: 7752,3.761,0.146,-0.628,,2025-06-20T15:18:28 | 頻率: 4.16 Hz
serial raw: 7753,3.761,0.146,-0.628,,2025-06-20T15:18:28 | 頻率: 4.16 Hz
serial raw: 7754,3.761,0.145,-0.628,,2025-06-20T15:18:29 | 頻率: 4.16 Hz
serial raw: 7755,3.761,0.146,-0.628,,2025-06-20T15:18:29 | 頻率: 3.91 Hz
serial raw: 7756,3.761,0.146,-0.628,,2025-06-20T15:18:29 | 頻率: 3.90 Hz
serial raw: 7757,3.761,0.146,-0.628,,2025-06-20T15:18:29 | 頻率: 4.16 Hz
serial raw: 7758,3.761,0.146,-0.628,,2025-06-20T15:18:30 | 頻率: 3.91 Hz
serial raw: 7759,3.761,0.146,-0.628,,2025-06-20T15:18:30 | 頻率: 4.17 Hz
serial raw: 7760,3.761,0.146,-0.628,,2025-06-20T15:18:30 | 頻率: 2.84 Hz
serial raw: 7761,3.761,0.146,-0.628,,2025-06-20T15:18:30 | 頻率: 4.15 Hz
serial raw: 7762,3.761,0.146,-0.628,,2025-06-20T15:18:31 | 頻率: 4.16 Hz
serial raw: 7763,3.761,0.145,-0.628,,2025-06-20T15:18:31 | 頻率: 4.18 Hz
serial raw: 7764,3.761,0.145,-0.628,,2025-06-20T15:18:31 | 頻率: 4.16 Hz
serial raw: 7765,3.761,0.146,-0.628,,2025-06-20T15:18:31 | 頻率: 3.90 Hz
serial raw: 7766,3.761,0.146,-0.628,,2025-06-20T15:18:32 | 頻率: 4.17 Hz
serial raw: 7767,3.761,0.146,-0.628,,2025-06-20T15:18:32 | 頻率: 4.16 Hz
serial raw: 7768,3.761,0.146,-0.628,,2025-06-20T15:18:32 | 頻率: 3.92 Hz
serial raw: 7769,3.761,0.146,-0.628,,2025-06-20T15:18:32 | 頻率: 4.45 Hz
serial raw: 7770,3.761,0.146,-0.628,,2025-06-20T15:18:33 | 頻率: 3.91 Hz
serial raw: 7771,3.761,0.146,-0.628,,2025-06-20T15:18:33 | 頻率: 3.11 Hz
serial raw: 7772,3.761,0.146,-0.628,,2025-06-20T15:18:33 | 頻率: 4.16 Hz
serial raw: 7773,3.761,0.146,-0.628,,2025-06-20T15:18:33 | 頻率: 4.16 Hz
serial raw: 7774,3.761,0.146,-0.628,,2025-06-20T15:18:34 | 頻率: 3.91 Hz
serial raw: 7775,3.761,0.145,-0.628,,2025-06-20T15:18:34 | 頻率: 4.16 Hz
serial raw: 7776,3.761,0.146,-0.628,,2025-06-20T15:18:34 | 頻率: 4.17 Hz
serial raw: 7777,3.761,0.146,-0.628,,2025-06-20T15:18:34 | 頻率: 3.89 Hz
serial raw: 7778,3.761,0.146,-0.628,,2025-06-20T15:18:35 | 頻率: 3.90 Hz
serial raw: 7779,3.761,0.146,-0.628,,2025-06-20T15:18:35 | 頻率: 4.16 Hz
serial raw: 7780,3.761,0.146,-0.628,,2025-06-20T15:18:35 | 頻率: 3.91 Hz
serial raw: 7781,3.761,0.146,-0.628,,2025-06-20T15:18:35 | 頻率: 4.15 Hz
serial raw: 7782,3.761,0.145,-0.628,,2025-06-20T15:18:36 | 頻率: 2.71 Hz
serial raw: 7783,3.761,0.146,-0.628,,2025-06-20T15:18:36 | 頻率: 4.18 Hz
serial raw: 7784,3.762,0.146,-0.628,,2025-06-20T15:18:36 | 頻率: 4.16 Hz
serial raw: 7785,3.761,0.146,-0.628,,2025-06-20T15:18:36 | 頻率: 3.91 Hz
serial raw: 7786,3.761,0.146,-0.628,,2025-06-20T15:18:37 | 頻率: 4.15 Hz
serial raw: 7787,3.761,0.146,-0.628,,2025-06-20T15:18:37 | 頻率: 3.91 Hz
serial raw: 7788,3.761,0.146,-0.628,,2025-06-20T15:18:37 | 頻率: 3.90 Hz
serial raw: 7789,3.761,0.146,-0.628,,2025-06-20T15:18:37 | 頻率: 4.45 Hz
serial raw: 7790,3.761,0.146,-0.628,,2025-06-20T15:18:38 | 頻率: 3.91 Hz
serial raw: 7791,3.761,0.146,-0.628,,2025-06-20T15:18:38 | 頻率: 3.91 Hz
serial raw: 7792,3.761,0.146,-0.628,,2025-06-20T15:18:38 | 頻率: 2.96 Hz
serial raw: 7793,3.761,0.146,-0.628,,2025-06-20T15:18:39 | 頻率: 4.17 Hz
serial raw: 7794,3.761,0.146,-0.628,,2025-06-20T15:18:39 | 頻率: 4.16 Hz
serial raw: 7795,3.761,0.146,-0.628,,2025-06-20T15:18:39 | 頻率: 3.90 Hz
serial raw: 7796,3.761,0.146,-0.628,,2025-06-20T15:18:39 | 頻率: 4.17 Hz
serial raw: 7797,3.761,0.146,-0.628,,2025-06-20T15:18:40 | 頻率: 3.90 Hz
serial raw: 7798,3.761,0.146,-0.628,,2025-06-20T15:18:40 | 頻率: 3.90 Hz
serial raw: 7799,3.761,0.146,-0.628,,2025-06-20T15:18:40 | 頻率: 3.90 Hz
serial raw: 7800,3.761,0.146,-0.628,,2025-06-20T15:18:40 | 頻率: 4.17 Hz
serial raw: 7801,3.761,0.146,-0.628,,2025-06-20T15:18:41 | 頻率: 3.91 Hz
serial raw: 7802,3.761,0.146,-0.628,,2025-06-20T15:18:41 | 頻率: 3.12 Hz
serial raw: 7803,3.761,0.146,-0.628,,2025-06-20T15:18:41 | 頻率: 4.17 Hz
serial raw: 7804,3.761,0.146,-0.628,,2025-06-20T15:18:41 | 頻率: 4.17 Hz
serial raw: 7805,3.761,0.146,-0.628,,2025-06-20T15:18:42 | 頻率: 4.16 Hz
serial raw: 7806,3.761,0.146,-0.628,,2025-06-20T15:18:42 | 頻率: 3.89 Hz
serial raw: 7807,3.761,0.146,-0.628,,2025-06-20T15:18:42 | 頻率: 3.91 Hz
serial raw: 7808,3.761,0.146,-0.628,,2025-06-20T15:18:42 | 頻率: 4.16 Hz
serial raw: 7809,3.761,0.146,-0.628,,2025-06-20T15:18:43 | 頻率: 3.90 Hz
serial raw: 7810,3.761,0.146,-0.628,,2025-06-20T15:18:43 | 頻率: 4.16 Hz
serial raw: 7811,3.761,0.146,-0.628,,2025-06-20T15:18:43 | 頻率: 4.17 Hz
serial raw: 7812,3.761,0.146,-0.628,,2025-06-20T15:18:43 | 頻率: 2.83 Hz
serial raw: 7813,3.761,0.146,-0.628,,2025-06-20T15:18:44 | 頻率: 4.47 Hz
serial raw: 7814,3.761,0.146,-0.628,,2025-06-20T15:18:44 | 頻率: 3.90 Hz
serial raw: 7815,3.761,0.146,-0.628,,2025-06-20T15:18:44 | 頻率: 4.16 Hz
serial raw: 7816,3.761,0.146,-0.628,,2025-06-20T15:18:44 | 頻率: 3.90 Hz
serial raw: 7817,3.761,0.146,-0.628,,2025-06-20T15:18:45 | 頻率: 3.90 Hz
serial raw: 7818,3.761,0.146,-0.628,,2025-06-20T15:18:45 | 頻率: 4.17 Hz
serial raw: 7819,3.761,0.146,-0.628,,2025-06-20T15:18:45 | 頻率: 3.90 Hz
serial raw: 7820,3.761,0.146,-0.628,,2025-06-20T15:18:45 | 頻率: 3.91 Hz
serial raw: 7821,3.761,0.146,-0.628,,2025-06-20T15:18:46 | 頻率: 3.90 Hz
serial raw: 7822,3.761,0.146,-0.628,,2025-06-20T15:18:46 | 頻率: 3.11 Hz
serial raw: 7823,3.761,0.146,-0.628,,2025-06-20T15:18:46 | 頻率: 4.17 Hz
serial raw: 7824,3.761,0.146,-0.628,,2025-06-20T15:18:46 | 頻率: 3.91 Hz
serial raw: 7825,3.760,0.146,-0.627,,2025-06-20T15:18:47 | 頻率: 3.89 Hz
serial raw: 7826,3.761,0.146,-0.628,,2025-06-20T15:18:47 | 頻率: 4.16 Hz
serial raw: 7827,3.761,0.146,-0.628,,2025-06-20T15:18:47 | 頻率: 3.91 Hz
serial raw: 7828,3.761,0.146,-0.628,,2025-06-20T15:18:47 | 頻率: 4.16 Hz
serial raw: 7829,3.761,0.146,-0.628,,2025-06-20T15:18:48 | 頻率: 3.91 Hz
serial raw: 7830,3.761,0.146,-0.628,,2025-06-20T15:18:48 | 頻率: 4.17 Hz
serial raw: 7831,3.761,0.146,-0.628,,2025-06-20T15:18:48 | 頻率: 3.90 Hz
serial raw: 7832,3.761,0.146,-0.628,,2025-06-20T15:18:49 | 頻率: 3.47 Hz
serial raw: 7833,3.760,0.145,-0.627,,2025-06-20T15:18:49 | 頻率: 4.15 Hz
serial raw: 7834,3.761,0.146,-0.628,,2025-06-20T15:18:49 | 頻率: 4.47 Hz
serial raw: 7835,3.761,0.146,-0.628,,2025-06-20T15:18:49 | 頻率: 3.91 Hz
serial raw: 7836,3.760,0.145,-0.627,,2025-06-20T15:18:49 | 頻率: 3.90 Hz
serial raw: 7837,3.761,0.146,-0.628,,2025-06-20T15:18:50 | 頻率: 3.89 Hz
serial raw: 7838,3.761,0.146,-0.628,,2025-06-20T15:18:50 | 頻率: 4.17 Hz
serial raw: 7839,3.761,0.146,-0.628,,2025-06-20T15:18:50 | 頻率: 3.91 Hz
serial raw: 7840,3.761,0.146,-0.628,,2025-06-20T15:18:50 | 頻率: 4.16 Hz
serial raw: 7841,3.761,0.146,-0.628,,2025-06-20T15:18:51 | 頻率: 3.91 Hz
serial raw: 7842,3.761,0.146,-0.628,,2025-06-20T15:18:51 | 頻率: 3.88 Hz
serial raw: 7843,3.761,0.146,-0.628,,2025-06-20T15:18:51 | 頻率: 3.12 Hz
serial raw: 7844,3.761,0.146,-0.628,,2025-06-20T15:18:52 | 頻率: 4.17 Hz
serial raw: 7845,3.761,0.146,-0.628,,2025-06-20T15:18:52 | 頻率: 4.17 Hz
serial raw: 7846,3.761,0.146,-0.628,,2025-06-20T15:18:52 | 頻率: 4.15 Hz
serial raw: 7847,3.760,0.146,-0.627,,2025-06-20T15:18:52 | 頻率: 3.91 Hz
serial raw: 7848,3.760,0.145,-0.627,,2025-06-20T15:18:53 | 頻率: 4.16 Hz
serial raw: 7849,3.761,0.146,-0.628,,2025-06-20T15:18:53 | 頻率: 3.91 Hz
serial raw: 7850,3.761,0.146,-0.628,,2025-06-20T15:18:53 | 頻率: 3.90 Hz
serial raw: 7851,3.761,0.146,-0.628,,2025-06-20T15:18:53 | 頻率: 4.15 Hz
serial raw: 7852,3.761,0.146,-0.628,,2025-06-20T15:18:54 | 頻率: 4.17 Hz
serial raw: 7853,3.761,0.146,-0.628,,2025-06-20T15:18:54 | 頻率: 4.16 Hz
serial raw: 7854,3.761,0.146,-0.628,,2025-06-20T15:18:54 | 頻率: 3.13 Hz
serial raw: 7855,3.761,0.146,-0.628,,2025-06-20T15:18:54 | 頻率: 4.16 Hz
serial raw: 7856,3.761,0.146,-0.628,,2025-06-20T15:18:55 | 頻率: 3.90 Hz
serial raw: 7857,3.761,0.146,-0.628,,2025-06-20T15:18:55 | 頻率: 3.91 Hz
serial raw: 7858,3.761,0.146,-0.628,,2025-06-20T15:18:55 | 頻率: 3.90 Hz
serial raw: 7859,3.761,0.146,-0.628,,2025-06-20T15:18:55 | 頻率: 3.89 Hz
serial raw: 7860,3.761,0.146,-0.628,,2025-06-20T15:18:56 | 頻率: 4.16 Hz
serial raw: 7861,3.761,0.146,-0.628,,2025-06-20T15:18:56 | 頻率: 3.91 Hz
serial raw: 7862,3.761,0.146,-0.628,,2025-06-20T15:18:56 | 頻率: 3.90 Hz
serial raw: 7863,3.761,0.146,-0.628,,2025-06-20T15:18:56 | 頻率: 4.16 Hz
serial raw: 7864,3.761,0.146,-0.628,,2025-06-20T15:18:57 | 頻率: 2.84 Hz
serial raw: 7865,3.761,0.146,-0.628,,2025-06-20T15:18:57 | 頻率: 3.90 Hz
serial raw: 7866,3.761,0.146,-0.628,,2025-06-20T15:18:57 | 頻率: 4.17 Hz
serial raw: 7867,3.761,0.146,-0.628,,2025-06-20T15:18:57 | 頻率: 3.90 Hz
serial raw: 7868,3.761,0.146,-0.628,,2025-06-20T15:18:58 | 頻率: 3.90 Hz
serial raw: 7869,3.761,0.146,-0.628,,2025-06-20T15:18:58 | 頻率: 3.90 Hz
serial raw: 7870,3.761,0.146,-0.628,,2025-06-20T15:18:58 | 頻率: 4.17 Hz
serial raw: 7871,3.761,0.146,-0.628,,2025-06-20T15:18:58 | 頻率: 3.91 Hz
serial raw: 7872,3.761,0.146,-0.628,,2025-06-20T15:18:59 | 頻率: 4.14 Hz
serial raw: 7873,3.761,0.146,-0.628,,2025-06-20T15:18:59 | 頻率: 3.91 Hz
serial raw: 7874,3.761,0.146,-0.628,,2025-06-20T15:18:59 | 頻率: 3.12 Hz
serial raw: 7875,3.761,0.146,-0.628,,2025-06-20T15:19:00 | 頻率: 4.17 Hz
serial raw: 7876,3.761,0.146,-0.628,,2025-06-20T15:19:00 | 頻率: 4.17 Hz
serial raw: 7877,3.761,0.146,-0.628,,2025-06-20T15:19:00 | 頻率: 3.89 Hz
serial raw: 7878,3.761,0.146,-0.628,,2025-06-20T15:19:00 | 頻率: 3.90 Hz
serial raw: 7879,3.761,0.145,-0.628,,2025-06-20T15:19:01 | 頻率: 4.18 Hz
serial raw: 7880,3.761,0.146,-0.628,,2025-06-20T15:19:01 | 頻率: 3.90 Hz
serial raw: 7881,3.761,0.146,-0.628,,2025-06-20T15:19:01 | 頻率: 3.89 Hz
serial raw: 7882,3.761,0.146,-0.628,,2025-06-20T15:19:01 | 頻率: 3.91 Hz
serial raw: 7883,3.760,0.146,-0.627,,2025-06-20T15:19:02 | 頻率: 3.90 Hz
serial raw: 7884,3.761,0.146,-0.628,,2025-06-20T15:19:02 | 頻率: 3.29 Hz
serial raw: 7885,3.761,0.146,-0.628,,2025-06-20T15:19:02 | 頻率: 4.17 Hz
serial raw: 7886,3.761,0.146,-0.628,,2025-06-20T15:19:02 | 頻率: 4.16 Hz
serial raw: 7887,3.761,0.146,-0.628,,2025-06-20T15:19:03 | 頻率: 3.90 Hz
serial raw: 7888,3.761,0.146,-0.628,,2025-06-20T15:19:03 | 頻率: 3.90 Hz
serial raw: 7889,3.761,0.146,-0.628,,2025-06-20T15:19:03 | 頻率: 4.17 Hz
serial raw: 7890,3.761,0.146,-0.628,,2025-06-20T15:19:03 | 頻率: 4.18 Hz
serial raw: 7891,3.761,0.146,-0.628,,2025-06-20T15:19:04 | 頻率: 3.89 Hz
serial raw: 7892,3.761,0.146,-0.628,,2025-06-20T15:19:04 | 頻率: 3.89 Hz
serial raw: 7893,3.761,0.146,-0.628,,2025-06-20T15:19:04 | 頻率: 4.17 Hz
serial raw: 7894,3.761,0.146,-0.628,,2025-06-20T15:19:04 | 頻率: 2.84 Hz
serial raw: 7895,3.761,0.146,-0.628,,2025-06-20T15:19:05 | 頻率: 4.45 Hz
serial raw: 7896,3.761,0.146,-0.628,,2025-06-20T15:19:05 | 頻率: 3.91 Hz
serial raw: 7897,3.761,0.146,-0.628,,2025-06-20T15:19:05 | 頻率: 4.16 Hz
serial raw: 7898,3.761,0.146,-0.628,,2025-06-20T15:19:05 | 頻率: 4.17 Hz
serial raw: 7899,3.761,0.146,-0.628,,2025-06-20T15:19:06 | 頻率: 3.91 Hz
serial raw: 7900,3.761,0.146,-0.628,,2025-06-20T15:19:06 | 頻率: 4.15 Hz
serial raw: 7901,3.761,0.146,-0.628,,2025-06-20T15:19:06 | 頻率: 3.90 Hz
serial raw: 7902,3.761,0.146,-0.628,,2025-06-20T15:19:06 | 頻率: 3.91 Hz
serial raw: 7903,3.761,0.146,-0.628,,2025-06-20T15:19:07 | 頻率: 3.90 Hz
serial raw: 7904,3.761,0.146,-0.628,,2025-06-20T15:19:07 | 頻率: 4.16 Hz
serial raw: 7905,3.761,0.146,-0.628,,2025-06-20T15:19:07 | 頻率: 2.97 Hz
serial raw: 7906,3.761,0.146,-0.628,,2025-06-20T15:19:07 | 頻率: 4.18 Hz
serial raw: 7907,3.761,0.146,-0.628,,2025-06-20T15:19:08 | 頻率: 4.16 Hz
serial raw: 7908,3.761,0.146,-0.628,,2025-06-20T15:19:08 | 頻率: 3.90 Hz
serial raw: 7909,3.761,0.146,-0.628,,2025-06-20T15:19:08 | 頻率: 4.16 Hz
serial raw: 7910,3.761,0.146,-0.628,,2025-06-20T15:19:08 | 頻率: 4.15 Hz
serial raw: 7911,3.761,0.146,-0.628,,2025-06-20T15:19:09 | 頻率: 4.18 Hz
serial raw: 7912,3.761,0.146,-0.628,,2025-06-20T15:19:09 | 頻率: 3.90 Hz
serial raw: 7913,3.761,0.146,-0.628,,2025-06-20T15:19:09 | 頻率: 4.17 Hz
serial raw: 7914,3.761,0.146,-0.628,,2025-06-20T15:19:09 | 頻率: 4.15 Hz
serial raw: 7915,3.761,0.146,-0.628,,2025-06-20T15:19:10 | 頻率: 3.92 Hz
serial raw: 7916,3.761,0.146,-0.628,,2025-06-20T15:19:10 | 頻率: 3.12 Hz
serial raw: 7917,3.761,0.146,-0.628,,2025-06-20T15:19:10 | 頻率: 4.17 Hz
serial raw: 7918,3.761,0.146,-0.628,,2025-06-20T15:19:10 | 頻率: 4.15 Hz
serial raw: 7919,3.761,0.146,-0.628,,2025-06-20T15:19:11 | 頻率: 3.90 Hz
serial raw: 7920,3.761,0.146,-0.628,,2025-06-20T15:19:11 | 頻率: 4.17 Hz
serial raw: 7921,3.761,0.146,-0.628,,2025-06-20T15:19:11 | 頻率: 3.90 Hz
serial raw: 7922,3.761,0.146,-0.628,,2025-06-20T15:19:11 | 頻率: 4.17 Hz
serial raw: 7923,3.761,0.146,-0.628,,2025-06-20T15:19:12 | 頻率: 3.90 Hz
serial raw: 7924,3.761,0.146,-0.628,,2025-06-20T15:19:12 | 頻率: 3.90 Hz
serial raw: 7925,3.761,0.146,-0.628,,2025-06-20T15:19:12 | 頻率: 3.91 Hz
serial raw: 7926,3.761,0.146,-0.628,,2025-06-20T15:19:13 | 頻率: 2.97 Hz
serial raw: 7927,3.761,0.146,-0.628,,2025-06-20T15:19:13 | 頻率: 4.16 Hz
serial raw: 7928,3.761,0.146,-0.628,,2025-06-20T15:19:13 | 頻率: 4.16 Hz
serial raw: 7929,3.761,0.146,-0.628,,2025-06-20T15:19:13 | 頻率: 3.91 Hz
serial raw: 7930,3.761,0.146,-0.628,,2025-06-20T15:19:14 | 頻率: 4.17 Hz
serial raw: 7931,3.761,0.146,-0.628,,2025-06-20T15:19:14 | 頻率: 4.16 Hz
serial raw: 7932,3.761,0.146,-0.628,,2025-06-20T15:19:14 | 頻率: 4.16 Hz
serial raw: 7933,3.761,0.146,-0.628,,2025-06-20T15:19:14 | 頻率: 4.16 Hz
serial raw: 7934,3.761,0.146,-0.628,,2025-06-20T15:19:15 | 頻率: 3.90 Hz
serial raw: 7935,3.761,0.146,-0.628,,2025-06-20T15:19:15 | 頻率: 3.90 Hz
serial raw: 7936,3.761,0.146,-0.628,,2025-06-20T15:19:15 | 頻率: 4.17 Hz
serial raw: 7937,3.761,0.146,-0.628,,2025-06-20T15:19:15 | 頻率: 3.12 Hz
serial raw: 7938,3.761,0.146,-0.628,,2025-06-20T15:19:16 | 頻率: 3.89 Hz
serial raw: 7939,3.761,0.146,-0.628,,2025-06-20T15:19:16 | 頻率: 4.17 Hz
serial raw: 7940,3.761,0.146,-0.628,,2025-06-20T15:19:16 | 頻率: 3.68 Hz
serial raw: 7941,3.761,0.146,-0.628,,2025-06-20T15:19:16 | 頻率: 3.90 Hz
serial raw: 7942,3.761,0.146,-0.628,,2025-06-20T15:19:17 | 頻率: 3.89 Hz
serial raw: 7943,3.761,0.146,-0.628,,2025-06-20T15:19:17 | 頻率: 4.17 Hz
serial raw: 7944,3.761,0.146,-0.628,,2025-06-20T15:19:17 | 頻率: 4.18 Hz
serial raw: 7945,3.761,0.146,-0.628,,2025-06-20T15:19:17 | 頻率: 3.89 Hz
serial raw: 7946,3.761,0.146,-0.628,,2025-06-20T15:19:18 | 頻率: 3.46 Hz
serial raw: 7947,3.761,0.146,-0.628,,2025-06-20T15:19:18 | 頻率: 3.91 Hz
serial raw: 7948,3.761,0.146,-0.628,,2025-06-20T15:19:18 | 頻率: 4.16 Hz
serial raw: 7949,3.761,0.146,-0.628,,2025-06-20T15:19:18 | 頻率: 3.91 Hz
serial raw: 7950,3.761,0.146,-0.628,,2025-06-20T15:19:19 | 頻率: 3.90 Hz
serial raw: 7951,3.761,0.146,-0.628,,2025-06-20T15:19:19 | 頻率: 4.15 Hz
serial raw: 7952,3.761,0.146,-0.628,,2025-06-20T15:19:19 | 頻率: 3.92 Hz
serial raw: 7953,3.761,0.146,-0.628,,2025-06-20T15:19:19 | 頻率: 3.89 Hz
serial raw: 7954,3.761,0.146,-0.628,,2025-06-20T15:19:20 | 頻率: 3.90 Hz
serial raw: 7955,3.761,0.146,-0.628,,2025-06-20T15:19:20 | 頻率: 3.91 Hz
serial raw: 7956,3.761,0.146,-0.628,,2025-06-20T15:19:20 | 頻率: 3.46 Hz
serial raw: 7957,3.761,0.146,-0.628,,2025-06-20T15:19:20 | 頻率: 3.90 Hz
serial raw: 7958,3.761,0.146,-0.628,,2025-06-20T15:19:21 | 頻率: 3.92 Hz
serial raw: 7959,3.761,0.146,-0.628,,2025-06-20T15:19:21 | 頻率: 4.15 Hz
serial raw: 7960,3.761,0.146,-0.628,,2025-06-20T15:19:21 | 頻率: 3.68 Hz
serial raw: 7961,3.761,0.146,-0.628,,2025-06-20T15:19:21 | 頻率: 4.16 Hz
serial raw: 7962,3.761,0.146,-0.628,,2025-06-20T15:19:22 | 頻率: 3.68 Hz
serial raw: 7963,3.761,0.146,-0.628,,2025-06-20T15:19:22 | 頻率: 4.16 Hz
serial raw: 7964,3.761,0.146,-0.628,,2025-06-20T15:19:22 | 頻率: 3.90 Hz
serial raw: 7965,3.761,0.146,-0.628,,2025-06-20T15:19:22 | 頻率: 3.90 Hz
serial raw: 7966,3.761,0.146,-0.628,,2025-06-20T15:19:23 | 頻率: 2.97 Hz
serial raw: 7967,3.761,0.146,-0.628,,2025-06-20T15:19:23 | 頻率: 4.18 Hz
serial raw: 7968,3.761,0.146,-0.628,,2025-06-20T15:19:23 | 頻率: 4.46 Hz
serial raw: 7969,3.760,0.146,-0.627,,2025-06-20T15:19:24 | 頻率: 3.91 Hz
serial raw: 7970,3.761,0.146,-0.628,,2025-06-20T15:19:24 | 頻率: 3.91 Hz
serial raw: 7971,3.760,0.146,-0.627,,2025-06-20T15:19:24 | 頻率: 4.16 Hz
serial raw: 7972,3.761,0.146,-0.628,,2025-06-20T15:19:24 | 頻率: 3.89 Hz
serial raw: 7973,3.761,0.146,-0.628,,2025-06-20T15:19:25 | 頻率: 3.90 Hz
serial raw: 7974,3.761,0.146,-0.628,,2025-06-20T15:19:25 | 頻率: 3.90 Hz
serial raw: 7975,3.761,0.146,-0.628,,2025-06-20T15:19:25 | 頻率: 4.16 Hz
serial raw: 7976,3.761,0.146,-0.628,,2025-06-20T15:19:25 | 頻率: 3.12 Hz
serial raw: 7977,3.761,0.146,-0.628,,2025-06-20T15:19:26 | 頻率: 3.91 Hz
serial raw: 7978,3.761,0.146,-0.628,,2025-06-20T15:19:26 | 頻率: 3.91 Hz
serial raw: 7979,3.761,0.146,-0.628,,2025-06-20T15:19:26 | 頻率: 3.89 Hz
serial raw: 7980,3.761,0.146,-0.628,,2025-06-20T15:19:26 | 頻率: 4.17 Hz
serial raw: 7981,3.761,0.146,-0.628,,2025-06-20T15:19:27 | 頻率: 3.90 Hz
serial raw: 7982,3.761,0.146,-0.628,,2025-06-20T15:19:27 | 頻率: 3.90 Hz
serial raw: 7983,3.761,0.146,-0.628,,2025-06-20T15:19:27 | 頻率: 4.16 Hz
serial raw: 7984,3.761,0.146,-0.628,,2025-06-20T15:19:27 | 頻率: 3.90 Hz
serial raw: 7985,3.760,0.146,-0.627,,2025-06-20T15:19:28 | 頻率: 3.91 Hz
serial raw: 7986,3.761,0.146,-0.628,,2025-06-20T15:19:28 | 頻率: 3.12 Hz
serial raw: 7987,3.761,0.146,-0.628,,2025-06-20T15:19:28 | 頻率: 4.16 Hz
serial raw: 7988,3.761,0.146,-0.628,,2025-06-20T15:19:28 | 頻率: 4.17 Hz
serial raw: 7989,3.761,0.146,-0.628,,2025-06-20T15:19:29 | 頻率: 3.91 Hz
serial raw: 7990,3.761,0.146,-0.628,,2025-06-20T15:19:29 | 頻率: 3.89 Hz
serial raw: 7991,3.762,0.145,-0.627,,2025-06-20T15:19:29 | 頻率: 4.17 Hz
serial raw: 7992,3.749,0.153,-0.605,,2025-06-20T15:19:29 | 頻率: 3.90 Hz
serial raw: 7993,3.727,0.169,-0.571,,2025-06-20T15:19:30 | 頻率: 3.91 Hz
serial raw: 7994,3.711,0.176,-0.553,,2025-06-20T15:19:30 | 頻率: 3.89 Hz
serial raw: 7995,3.707,0.138,-0.553,,2025-06-20T15:19:30 | 頻率: 3.69 Hz
serial raw: 7996,3.648,0.133,-0.475,,2025-06-20T15:19:31 | 頻率: 3.67 Hz
serial raw: 7997,3.634,0.135,-0.466,,2025-06-20T15:19:31 | 頻率: 4.18 Hz
serial raw: 7998,3.619,0.138,-0.457,,2025-06-20T15:19:31 | 頻率: 4.15 Hz
serial raw: 7999,3.586,0.162,-0.434,,2025-06-20T15:19:31 | 頻率: 3.91 Hz
serial raw: 8000,3.514,0.160,-0.416,,2025-06-20T15:19:32 | 頻率: 3.89 Hz
serial raw: 8001,3.473,0.134,-0.413,,2025-06-20T15:19:32 | 頻率: 3.91 Hz
serial raw: 8002,3.448,0.100,-0.408,,2025-06-20T15:19:32 | 頻率: 3.90 Hz
serial raw: 8003,3.401,0.054,-0.398,,2025-06-20T15:19:32 | 頻率: 3.67 Hz
serial raw: 8004,3.363,0.011,-0.394,,2025-06-20T15:19:33 | 頻率: 3.91 Hz
serial raw: 8005,3.315,-0.031,-0.400,,2025-06-20T15:19:33 | 頻率: 3.90 Hz
serial raw: 8006,3.232,-0.094,-0.402,,2025-06-20T15:19:33 | 頻率: 3.12 Hz
serial raw: 8007,3.214,-0.112,-0.401,,2025-06-20T15:19:33 | 頻率: 4.17 Hz
serial raw: 8008,3.182,-0.151,-0.393,,2025-06-20T15:19:34 | 頻率: 3.90 Hz
serial raw: 8009,3.154,-0.191,-0.398,,2025-06-20T15:19:34 | 頻率: 3.90 Hz
serial raw: 8010,3.109,-0.248,-0.407,,2025-06-20T15:19:34 | 頻率: 4.17 Hz
serial raw: 8011,3.070,-0.281,-0.407,,2025-06-20T15:19:34 | 頻率: 3.90 Hz
serial raw: 8012,3.022,-0.328,-0.405,,2025-06-20T15:19:35 | 頻率: 3.91 Hz
serial raw: 8013,3.003,-0.360,-0.402,,2025-06-20T15:19:35 | 頻率: 4.16 Hz
serial raw: 8014,2.971,-0.403,-0.407,,2025-06-20T15:19:35 | 頻率: 3.68 Hz
serial raw: 8015,2.940,-0.439,-0.411,,2025-06-20T15:19:35 | 頻率: 4.16 Hz
serial raw: 8016,2.901,-0.481,-0.407,,2025-06-20T15:19:36 | 頻率: 4.16 Hz
serial raw: 8017,2.815,-0.600,-0.398,,2025-06-20T15:19:36 | 頻率: 3.12 Hz
serial raw: 8018,2.798,-0.617,-0.400,,2025-06-20T15:19:36 | 頻率: 3.91 Hz
serial raw: 8019,2.760,-0.657,-0.406,,2025-06-20T15:19:36 | 頻率: 3.91 Hz
serial raw: 8020,2.716,-0.713,-0.408,,2025-06-20T15:19:37 | 頻率: 4.14 Hz
serial raw: 8021,2.687,-0.765,-0.407,,2025-06-20T15:19:37 | 頻率: 3.91 Hz
serial raw: 8022,2.647,-0.841,-0.409,,2025-06-20T15:19:37 | 頻率: 3.67 Hz
serial raw: 8023,2.618,-0.902,-0.409,,2025-06-20T15:19:37 | 頻率: 4.16 Hz
serial raw: 8024,2.583,-0.984,-0.409,,2025-06-20T15:19:38 | 頻率: 3.91 Hz
serial raw: 8025,2.559,-1.044,-0.404,,2025-06-20T15:19:38 | 頻率: 3.91 Hz
serial raw: 8026,2.521,-1.116,-0.399,,2025-06-20T15:19:38 | 頻率: 3.91 Hz
serial raw: 8027,2.437,-1.262,-0.399,,2025-06-20T15:19:39 | 頻率: 2.97 Hz
serial raw: 8028,2.418,-1.292,-0.397,,2025-06-20T15:19:39 | 頻率: 3.90 Hz
serial raw: 8029,2.386,-1.346,-0.393,,2025-06-20T15:19:39 | 頻率: 4.17 Hz
serial raw: 8030,2.349,-1.432,-0.396,,2025-06-20T15:19:39 | 頻率: 3.67 Hz
serial raw: 8031,2.305,-1.500,-0.406,,2025-06-20T15:19:40 | 頻率: 3.90 Hz
serial raw: 8032,2.247,-1.565,-0.400,,2025-06-20T15:19:40 | 頻率: 4.17 Hz
serial raw: 8033,2.226,-1.586,-0.395,,2025-06-20T15:19:40 | 頻率: 3.90 Hz
serial raw: 8034,2.175,-1.648,-0.396,,2025-06-20T15:19:40 | 頻率: 4.16 Hz
serial raw: 8035,2.129,-1.713,-0.387,,2025-06-20T15:19:41 | 頻率: 3.90 Hz
serial raw: 8036,2.085,-1.787,-0.382,,2025-06-20T15:19:41 | 頻率: 3.92 Hz
serial raw: 8037,2.052,-1.825,-0.382,,2025-06-20T15:19:41 | 頻率: 4.16 Hz
serial raw: 8038,2.041,-1.952,-0.400,,2025-06-20T15:19:41 | 頻率: 3.29 Hz
serial raw: 8039,2.030,-1.975,-0.400,,2025-06-20T15:19:42 | 頻率: 4.16 Hz
serial raw: 8040,1.984,-2.049,-0.402,,2025-06-20T15:19:42 | 頻率: 3.89 Hz
serial raw: 8041,1.967,-2.075,-0.401,,2025-06-20T15:19:42 | 頻率: 4.17 Hz
serial raw: 8042,1.920,-2.147,-0.409,,2025-06-20T15:19:42 | 頻率: 3.92 Hz
serial raw: 8043,1.895,-2.201,-0.405,,2025-06-20T15:19:43 | 頻率: 3.89 Hz
serial raw: 8044,1.867,-2.283,-0.391,,2025-06-20T15:19:43 | 頻率: 3.91 Hz
serial raw: 8045,1.847,-2.371,-0.395,,2025-06-20T15:19:43 | 頻率: 3.66 Hz
serial raw: 8046,1.822,-2.441,-0.395,,2025-06-20T15:19:43 | 頻率: 4.18 Hz
serial raw: 8047,1.805,-2.498,-0.399,,2025-06-20T15:19:44 | 頻率: 3.89 Hz
serial raw: 8048,1.746,-2.592,-0.385,,2025-06-20T15:19:44 | 頻率: 2.98 Hz
serial raw: 8049,1.732,-2.612,-0.383,,2025-06-20T15:19:44 | 頻率: 3.90 Hz
serial raw: 8050,1.710,-2.643,-0.380,,2025-06-20T15:19:44 | 頻率: 4.15 Hz
serial raw: 8051,1.661,-2.728,-0.374,,2025-06-20T15:19:45 | 頻率: 3.67 Hz
serial raw: 8052,1.633,-2.824,-0.373,,2025-06-20T15:19:45 | 頻率: 3.91 Hz
serial raw: 8053,1.619,-2.878,-0.375,,2025-06-20T15:19:45 | 頻率: 3.90 Hz
serial raw: 8054,1.597,-2.952,-0.378,,2025-06-20T15:19:46 | 頻率: 3.90 Hz
serial raw: 8055,1.558,-3.009,-0.381,,2025-06-20T15:19:46 | 頻率: 3.91 Hz
serial raw: 8056,1.516,-3.055,-0.377,,2025-06-20T15:19:46 | 頻率: 3.90 Hz
serial raw: 8057,1.467,-3.126,-0.368,,2025-06-20T15:19:46 | 頻率: 3.91 Hz
serial raw: 8058,1.395,-3.277,-0.374,,2025-06-20T15:19:47 | 頻率: 2.85 Hz
serial raw: 8059,1.382,-3.312,-0.370,,2025-06-20T15:19:47 | 頻率: 3.89 Hz
serial raw: 8060,1.368,-3.380,-0.368,,2025-06-20T15:19:47 | 頻率: 3.91 Hz
serial raw: 8061,1.354,-3.439,-0.366,,2025-06-20T15:19:47 | 頻率: 3.91 Hz
serial raw: 8062,1.346,-3.466,-0.366,,2025-06-20T15:19:48 | 頻率: 4.16 Hz
serial raw: 8063,1.323,-3.512,-0.367,,2025-06-20T15:19:48 | 頻率: 3.66 Hz
serial raw: 8064,1.250,-3.595,-0.375,,2025-06-20T15:19:48 | 頻率: 3.90 Hz
serial raw: 8065,1.230,-3.616,-0.375,,2025-06-20T15:19:48 | 頻率: 3.91 Hz
serial raw: 8066,1.134,-3.743,-0.361,,2025-06-20T15:19:49 | 頻率: 3.67 Hz
serial raw: 8067,1.112,-3.800,-0.360,,2025-06-20T15:19:49 | 頻率: 3.90 Hz
serial raw: 8068,1.058,-3.961,-0.357,,2025-06-20T15:19:49 | 頻率: 3.29 Hz
serial raw: 8069,1.046,-3.988,-0.360,,2025-06-20T15:19:50 | 頻率: 3.90 Hz
serial raw: 8070,1.018,-4.033,-0.364,,2025-06-20T15:19:50 | 頻率: 3.92 Hz
serial raw: 8071,0.986,-4.072,-0.366,,2025-06-20T15:19:50 | 頻率: 3.90 Hz
serial raw: 8072,0.932,-4.128,-0.363,,2025-06-20T15:19:50 | 頻率: 3.89 Hz
serial raw: 8073,0.895,-4.184,-0.355,,2025-06-20T15:19:51 | 頻率: 3.68 Hz
serial raw: 8074,0.867,-4.264,-0.360,,2025-06-20T15:19:51 | 頻率: 3.91 Hz
serial raw: 8075,0.845,-4.330,-0.359,,2025-06-20T15:19:51 | 頻率: 3.89 Hz
serial raw: 8076,0.813,-4.435,-0.351,,2025-06-20T15:19:51 | 頻率: 3.68 Hz
serial raw: 8077,0.744,-4.549,-0.359,,2025-06-20T15:19:52 | 頻率: 2.97 Hz
serial raw: 8078,0.729,-4.563,-0.359,,2025-06-20T15:19:52 | 頻率: 3.91 Hz
serial raw: 8079,0.698,-4.593,-0.366,,2025-06-20T15:19:52 | 頻率: 3.91 Hz
serial raw: 8080,0.659,-4.651,-0.370,,2025-06-20T15:19:52 | 頻率: 3.90 Hz
serial raw: 8081,0.623,-4.720,-0.360,,2025-06-20T15:19:53 | 頻率: 3.89 Hz
serial raw: 8082,0.585,-4.793,-0.359,,2025-06-20T15:19:53 | 頻率: 4.16 Hz
serial raw: 8083,0.543,-4.873,-0.352,,2025-06-20T15:19:53 | 頻率: 3.91 Hz
serial raw: 8084,0.502,-4.936,-0.352,,2025-06-20T15:19:53 | 頻率: 3.90 Hz
serial raw: 8085,0.455,-5.019,-0.354,,2025-06-20T15:19:54 | 頻率: 3.90 Hz
serial raw: 8086,0.427,-5.063,-0.355,,2025-06-20T15:19:54 | 頻率: 3.90 Hz
serial raw: 8087,0.356,-5.180,-0.357,,2025-06-20T15:19:54 | 頻率: 3.12 Hz
serial raw: 8088,0.342,-5.205,-0.355,,2025-06-20T15:19:55 | 頻率: 4.17 Hz
serial raw: 8089,0.316,-5.263,-0.350,,2025-06-20T15:19:55 | 頻率: 4.16 Hz
serial raw: 8090,0.271,-5.340,-0.350,,2025-06-20T15:19:55 | 頻率: 3.90 Hz
serial raw: 8091,0.254,-5.361,-0.350,,2025-06-20T15:19:55 | 頻率: 4.17 Hz
serial raw: 8092,0.206,-5.424,-0.349,,2025-06-20T15:19:56 | 頻率: 3.68 Hz
serial raw: 8093,0.182,-5.454,-0.355,,2025-06-20T15:19:56 | 頻率: 4.16 Hz
serial raw: 8094,0.144,-5.510,-0.356,,2025-06-20T15:19:56 | 頻率: 3.89 Hz
serial raw: 8095,0.126,-5.539,-0.360,,2025-06-20T15:19:56 | 頻率: 3.92 Hz
serial raw: 8096,0.107,-5.558,-0.361,,2025-06-20T15:19:57 | 頻率: 3.89 Hz
serial raw: 8097,0.070,-5.571,-0.357,,2025-06-20T15:19:57 | 頻率: 3.91 Hz
serial raw: 8098,0.051,-5.570,-0.357,,2025-06-20T15:19:57 | 頻率: 4.16 Hz
serial raw: 8099,-0.115,-5.506,-0.350,,2025-06-20T15:19:57 | 頻率: 2.71 Hz
serial raw: 8100,-0.134,-5.499,-0.350,,2025-06-20T15:19:58 | 頻率: 4.16 Hz
serial raw: 8101,-0.170,-5.487,-0.352,,2025-06-20T15:19:58 | 頻率: 3.91 Hz
serial raw: 8102,-0.209,-5.479,-0.353,,2025-06-20T15:19:58 | 頻率: 3.91 Hz
serial raw: 8103,-0.279,-5.472,-0.352,,2025-06-20T15:19:58 | 頻率: 3.67 Hz
serial raw: 8104,-0.344,-5.469,-0.345,,2025-06-20T15:19:59 | 頻率: 3.91 Hz
serial raw: 8105,-0.418,-5.467,-0.345,,2025-06-20T15:19:59 | 頻率: 3.89 Hz
serial raw: 8106,-0.471,-5.453,-0.344,,2025-06-20T15:19:59 | 頻率: 3.91 Hz
serial raw: 8107,-0.542,-5.418,-0.340,,2025-06-20T15:19:59 | 頻率: 3.66 Hz
serial raw: 8108,-0.657,-5.363,-0.334,,2025-06-20T15:20:00 | 頻率: 3.13 Hz
serial raw: 8109,-0.681,-5.357,-0.330,,2025-06-20T15:20:00 | 頻率: 4.16 Hz
serial raw: 8110,-0.741,-5.339,-0.325,,2025-06-20T15:20:00 | 頻率: 3.89 Hz
serial raw: 8111,-0.787,-5.320,-0.331,,2025-06-20T15:20:01 | 頻率: 3.92 Hz
serial raw: 8112,-0.863,-5.294,-0.335,,2025-06-20T15:20:01 | 頻率: 3.89 Hz
serial raw: 8113,-0.934,-5.276,-0.338,,2025-06-20T15:20:01 | 頻率: 3.91 Hz
serial raw: 8114,-0.987,-5.264,-0.332,,2025-06-20T15:20:01 | 頻率: 3.90 Hz
serial raw: 8115,-1.038,-5.250,-0.335,,2025-06-20T15:20:02 | 頻率: 3.90 Hz
serial raw: 8116,-1.094,-5.246,-0.340,,2025-06-20T15:20:02 | 頻率: 3.68 Hz
serial raw: 8117,-1.127,-5.244,-0.338,,2025-06-20T15:20:02 | 頻率: 3.90 Hz
serial raw: 8118,-1.240,-5.191,-0.336,,2025-06-20T15:20:02 | 頻率: 2.84 Hz
serial raw: 8119,-1.266,-5.174,-0.335,,2025-06-20T15:20:03 | 頻率: 4.17 Hz
serial raw: 8120,-1.322,-5.132,-0.332,,2025-06-20T15:20:03 | 頻率: 3.90 Hz
serial raw: 8121,-1.360,-5.109,-0.331,,2025-06-20T15:20:03 | 頻率: 3.90 Hz
serial raw: 8122,-1.394,-5.098,-0.333,,2025-06-20T15:20:03 | 頻率: 3.89 Hz
serial raw: 8123,-1.449,-5.082,-0.339,,2025-06-20T15:20:04 | 頻率: 3.91 Hz
serial raw: 8124,-1.525,-5.051,-0.336,,2025-06-20T15:20:04 | 頻率: 3.67 Hz
serial raw: 8125,-1.589,-5.020,-0.330,,2025-06-20T15:20:04 | 頻率: 3.90 Hz
serial raw: 8126,-1.629,-4.999,-0.324,,2025-06-20T15:20:05 | 頻率: 3.91 Hz
serial raw: 8127,-1.677,-4.987,-0.326,,2025-06-20T15:20:05 | 頻率: 3.68 Hz
serial raw: 8128,-1.753,-4.957,-0.332,,2025-06-20T15:20:05 | 頻率: 2.97 Hz
serial raw: 8129,-1.766,-4.945,-0.333,,2025-06-20T15:20:05 | 頻率: 3.92 Hz
serial raw: 8130,-1.797,-4.918,-0.329,,2025-06-20T15:20:06 | 頻率: 3.90 Hz
serial raw: 8131,-1.829,-4.894,-0.330,,2025-06-20T15:20:06 | 頻率: 3.92 Hz
serial raw: 8132,-1.884,-4.857,-0.323,,2025-06-20T15:20:06 | 頻率: 3.67 Hz
serial raw: 8133,-1.922,-4.839,-0.322,,2025-06-20T15:20:06 | 頻率: 3.90 Hz
serial raw: 8134,-1.953,-4.824,-0.324,,2025-06-20T15:20:07 | 頻率: 3.89 Hz
serial raw: 8135,-1.985,-4.805,-0.320,,2025-06-20T15:20:07 | 頻率: 3.89 Hz
serial raw: 8136,-2.006,-4.793,-0.322,,2025-06-20T15:20:07 | 頻率: 3.68 Hz
serial raw: 8137,-2.016,-4.779,-0.319,,2025-06-20T15:20:08 | 頻率: 3.47 Hz
serial raw: 8138,-2.006,-4.785,-0.318,,2025-06-20T15:20:08 | 頻率: 3.90 Hz
serial raw: 8139,-1.994,-4.791,-0.317,,2025-06-20T15:20:08 | 頻率: 4.16 Hz
serial raw: 8140,-1.965,-4.805,-0.317,,2025-06-20T15:20:08 | 頻率: 3.90 Hz
serial raw: 8141,-1.900,-4.843,-0.317,,2025-06-20T15:20:09 | 頻率: 3.92 Hz
serial raw: 8142,-1.843,-4.872,-0.317,,2025-06-20T15:20:09 | 頻率: 3.90 Hz
serial raw: 8143,-1.772,-4.920,-0.309,,2025-06-20T15:20:09 | 頻率: 3.90 Hz
serial raw: 8144,-1.697,-4.951,-0.315,,2025-06-20T15:20:09 | 頻率: 4.15 Hz
serial raw: 8145,-1.644,-4.972,-0.314,,2025-06-20T15:20:10 | 頻率: 3.90 Hz
serial raw: 8146,-1.563,-4.995,-0.309,,2025-06-20T15:20:10 | 頻率: 4.17 Hz
serial raw: 8147,-1.489,-5.018,-0.301,,2025-06-20T15:20:10 | 頻率: 3.90 Hz
serial raw: 8148,-1.333,-5.112,-0.303,,2025-06-20T15:20:10 | 頻率: 3.29 Hz
serial raw: 8149,-1.301,-5.130,-0.305,,2025-06-20T15:20:11 | 頻率: 4.17 Hz
serial raw: 8150,-1.226,-5.179,-0.304,,2025-06-20T15:20:11 | 頻率: 4.16 Hz
serial raw: 8151,-1.131,-5.242,-0.308,,2025-06-20T15:20:11 | 頻率: 3.89 Hz
serial raw: 8152,-1.057,-5.279,-0.314,,2025-06-20T15:20:11 | 頻率: 3.93 Hz
serial raw: 8153,-0.973,-5.322,-0.307,,2025-06-20T15:20:12 | 頻率: 3.65 Hz
serial raw: 8154,-0.915,-5.352,-0.296,,2025-06-20T15:20:12 | 頻率: 3.90 Hz
serial raw: 8155,-0.830,-5.399,-0.289,,2025-06-20T15:20:12 | 頻率: 3.90 Hz
serial raw: 8156,-0.738,-5.443,-0.292,,2025-06-20T15:20:12 | 頻率: 3.90 Hz
serial raw: 8157,-0.680,-5.471,-0.295,,2025-06-20T15:20:13 | 頻率: 3.91 Hz
serial raw: 8158,-0.536,-5.537,-0.292,,2025-06-20T15:20:13 | 頻率: 2.98 Hz
serial raw: 8159,-0.509,-5.551,-0.293,,2025-06-20T15:20:13 | 頻率: 4.15 Hz
serial raw: 8160,-0.461,-5.579,-0.296,,2025-06-20T15:20:13 | 頻率: 3.93 Hz
serial raw: 8161,-0.380,-5.607,-0.300,,2025-06-20T15:20:14 | 頻率: 3.88 Hz
serial raw: 8162,-0.332,-5.625,-0.292,,2025-06-20T15:20:14 | 頻率: 3.91 Hz
serial raw: 8163,-0.288,-5.630,-0.287,,2025-06-20T15:20:14 | 頻率: 3.90 Hz
serial raw: 8164,-0.219,-5.624,-0.297,,2025-06-20T15:20:14 | 頻率: 3.67 Hz
serial raw: 8165,-0.168,-5.604,-0.300,,2025-06-20T15:20:15 | 頻率: 3.91 Hz
serial raw: 8166,-0.085,-5.579,-0.309,,2025-06-20T15:20:15 | 頻率: 3.89 Hz
serial raw: 8167,0.053,-5.560,-0.301,,2025-06-20T15:20:15 | 頻率: 2.50 Hz
serial raw: 8168,0.074,-5.562,-0.304,,2025-06-20T15:20:16 | 頻率: 3.90 Hz
serial raw: 8169,0.115,-5.566,-0.310,,2025-06-20T15:20:16 | 頻率: 3.90 Hz
serial raw: 8170,0.164,-5.561,-0.306,,2025-06-20T15:20:16 | 頻率: 3.91 Hz
serial raw: 8171,0.183,-5.542,-0.305,,2025-06-20T15:20:16 | 頻率: 3.91 Hz
serial raw: 8172,0.201,-5.509,-0.309,,2025-06-20T15:20:17 | 頻率: 3.90 Hz
serial raw: 8173,0.211,-5.479,-0.311,,2025-06-20T15:20:17 | 頻率: 3.90 Hz
serial raw: 8174,0.230,-5.420,-0.304,,2025-06-20T15:20:17 | 頻率: 3.91 Hz
serial raw: 8175,0.242,-5.387,-0.300,,2025-06-20T15:20:17 | 頻率: 3.89 Hz
serial raw: 8176,0.268,-5.352,-0.305,,2025-06-20T15:20:18 | 頻率: 3.92 Hz
serial raw: 8177,0.312,-5.237,-0.317,,2025-06-20T15:20:18 | 頻率: 3.27 Hz
serial raw: 8178,0.316,-5.216,-0.320,,2025-06-20T15:20:18 | 頻率: 4.17 Hz
serial raw: 8179,0.328,-5.165,-0.326,,2025-06-20T15:20:19 | 頻率: 3.90 Hz
serial raw: 8180,0.334,-5.132,-0.325,,2025-06-20T15:20:19 | 頻率: 3.91 Hz
serial raw: 8181,0.358,-5.068,-0.319,,2025-06-20T15:20:19 | 頻率: 3.90 Hz
serial raw: 8182,0.387,-5.020,-0.314,,2025-06-20T15:20:19 | 頻率: 3.91 Hz
serial raw: 8183,0.416,-4.980,-0.309,,2025-06-20T15:20:20 | 頻率: 3.90 Hz
serial raw: 8184,0.463,-4.932,-0.309,,2025-06-20T15:20:20 | 頻率: 3.68 Hz
serial raw: 8185,0.492,-4.848,-0.307,,2025-06-20T15:20:20 | 頻率: 4.17 Hz
serial raw: 8186,0.536,-4.749,-0.309,,2025-06-20T15:20:20 | 頻率: 3.90 Hz
serial raw: 8187,0.569,-4.621,-0.312,,2025-06-20T15:20:21 | 頻率: 2.97 Hz
serial raw: 8188,0.578,-4.594,-0.312,,2025-06-20T15:20:21 | 頻率: 4.17 Hz
serial raw: 8189,0.603,-4.538,-0.315,,2025-06-20T15:20:21 | 頻率: 3.91 Hz
serial raw: 8190,0.641,-4.451,-0.314,,2025-06-20T15:20:21 | 頻率: 3.67 Hz
serial raw: 8191,0.659,-4.407,-0.315,,2025-06-20T15:20:22 | 頻率: 4.17 Hz
serial raw: 8192,0.700,-4.326,-0.309,,2025-06-20T15:20:22 | 頻率: 3.89 Hz
serial raw: 8193,0.745,-4.245,-0.304,,2025-06-20T15:20:22 | 頻率: 3.90 Hz
serial raw: 8194,0.783,-4.164,-0.303,,2025-06-20T15:20:22 | 頻率: 3.91 Hz
serial raw: 8195,0.809,-4.104,-0.302,,2025-06-20T15:20:23 | 頻率: 3.90 Hz
serial raw: 8196,0.819,-4.073,-0.303,,2025-06-20T15:20:23 | 頻率: 3.90 Hz
serial raw: 8197,0.839,-4.016,-0.308,,2025-06-20T15:20:23 | 頻率: 3.91 Hz
serial raw: 8198,0.913,-3.815,-0.312,,2025-06-20T15:20:24 | 頻率: 2.71 Hz
serial raw: 8199,0.924,-3.788,-0.312,,2025-06-20T15:20:24 | 頻率: 4.16 Hz
serial raw: 8200,0.952,-3.724,-0.304,,2025-06-20T15:20:24 | 頻率: 3.90 Hz
serial raw: 8201,0.984,-3.659,-0.301,,2025-06-20T15:20:24 | 頻率: 4.17 Hz
serial raw: 8202,1.023,-3.586,-0.303,,2025-06-20T15:20:25 | 頻率: 3.90 Hz
serial raw: 8203,1.067,-3.502,-0.305,,2025-06-20T15:20:25 | 頻率: 3.90 Hz
serial raw: 8204,1.098,-3.450,-0.311,,2025-06-20T15:20:25 | 頻率: 3.90 Hz
serial raw: 8205,1.137,-3.368,-0.318,,2025-06-20T15:20:25 | 頻率: 3.68 Hz
serial raw: 8206,1.177,-3.276,-0.316,,2025-06-20T15:20:26 | 頻率: 3.67 Hz
serial raw: 8207,1.206,-3.217,-0.316,,2025-06-20T15:20:26 | 頻率: 4.17 Hz
serial raw: 8208,1.294,-3.072,-0.307,,2025-06-20T15:20:26 | 頻率: 2.97 Hz
serial raw: 8209,1.315,-3.042,-0.304,,2025-06-20T15:20:26 | 頻率: 4.16 Hz
serial raw: 8210,1.353,-2.983,-0.299,,2025-06-20T15:20:27 | 頻率: 3.91 Hz
serial raw: 8211,1.392,-2.895,-0.296,,2025-06-20T15:20:27 | 頻率: 3.68 Hz
serial raw: 8212,1.420,-2.809,-0.305,,2025-06-20T15:20:27 | 頻率: 3.89 Hz
serial raw: 8213,1.438,-2.736,-0.312,,2025-06-20T15:20:27 | 頻率: 3.90 Hz
serial raw: 8214,1.471,-2.635,-0.310,,2025-06-20T15:20:28 | 頻率: 3.90 Hz
serial raw: 8215,1.512,-2.545,-0.300,,2025-06-20T15:20:28 | 頻率: 3.67 Hz
serial raw: 8216,1.561,-2.463,-0.302,,2025-06-20T15:20:28 | 頻率: 3.91 Hz
serial raw: 8217,1.660,-2.282,-0.300,,2025-06-20T15:20:29 | 頻率: 2.97 Hz
serial raw: 8218,1.670,-2.246,-0.301,,2025-06-20T15:20:29 | 頻率: 4.15 Hz
serial raw: 8219,1.680,-2.210,-0.303,,2025-06-20T15:20:29 | 頻率: 3.91 Hz
serial raw: 8220,1.689,-2.174,-0.306,,2025-06-20T15:20:29 | 頻率: 4.16 Hz
serial raw: 8221,1.703,-2.119,-0.311,,2025-06-20T15:20:30 | 頻率: 3.91 Hz
serial raw: 8222,1.713,-2.084,-0.313,,2025-06-20T15:20:30 | 頻率: 4.17 Hz
serial raw: 8223,1.777,-2.004,-0.309,,2025-06-20T15:20:30 | 頻率: 3.89 Hz
serial raw: 8224,1.822,-1.873,-0.290,,2025-06-20T15:20:30 | 頻率: 3.67 Hz
serial raw: 8225,1.878,-1.802,-0.287,,2025-06-20T15:20:31 | 頻率: 3.91 Hz
serial raw: 8226,1.948,-1.699,-0.290,,2025-06-20T15:20:31 | 頻率: 3.90 Hz
serial raw: 8227,1.979,-1.630,-0.294,,2025-06-20T15:20:31 | 頻率: 3.92 Hz
serial raw: 8228,2.136,-1.219,-0.298,,2025-06-20T15:20:31 | 頻率: 2.83 Hz
serial raw: 8229,2.155,-1.181,-0.296,,2025-06-20T15:20:32 | 頻率: 4.16 Hz
serial raw: 8230,2.216,-1.062,-0.297,,2025-06-20T15:20:32 | 頻率: 3.68 Hz
serial raw: 8231,2.251,-0.982,-0.303,,2025-06-20T15:20:32 | 頻率: 4.16 Hz
serial raw: 8232,2.295,-0.848,-0.303,,2025-06-20T15:20:32 | 頻率: 3.68 Hz
serial raw: 8233,2.324,-0.740,-0.314,,2025-06-20T15:20:33 | 頻率: 4.15 Hz
serial raw: 8234,2.356,-0.637,-0.309,,2025-06-20T15:20:33 | 頻率: 3.68 Hz
serial raw: 8235,2.402,-0.540,-0.296,,2025-06-20T15:20:33 | 頻率: 3.93 Hz
serial raw: 8236,2.453,-0.470,-0.294,,2025-06-20T15:20:33 | 頻率: 3.88 Hz
serial raw: 8237,2.517,-0.376,-0.301,,2025-06-20T15:20:34 | 頻率: 3.91 Hz
serial raw: 8238,2.613,-0.163,-0.320,,2025-06-20T15:20:34 | 頻率: 3.28 Hz
serial raw: 8239,2.640,-0.117,-0.319,,2025-06-20T15:20:34 | 頻率: 3.91 Hz
serial raw: 8240,2.662,-0.089,-0.317,,2025-06-20T15:20:35 | 頻率: 4.15 Hz
serial raw: 8241,2.728,-0.015,-0.314,,2025-06-20T15:20:35 | 頻率: 3.91 Hz
serial raw: 8242,2.798,0.057,-0.312,,2025-06-20T15:20:35 | 頻率: 4.17 Hz
serial raw: 8243,2.863,0.127,-0.309,,2025-06-20T15:20:35 | 頻率: 3.67 Hz
serial raw: 8244,2.948,0.178,-0.306,,2025-06-20T15:20:36 | 頻率: 3.91 Hz
serial raw: 8245,3.046,0.212,-0.323,,2025-06-20T15:20:36 | 頻率: 3.66 Hz
serial raw: 8246,3.115,0.231,-0.340,,2025-06-20T15:20:36 | 頻率: 3.91 Hz
serial raw: 8247,3.202,0.245,-0.351,,2025-06-20T15:20:36 | 頻率: 3.90 Hz
serial raw: 8248,3.346,0.230,-0.400,,2025-06-20T15:20:37 | 頻率: 2.71 Hz
serial raw: 8249,3.373,0.224,-0.412,,2025-06-20T15:20:37 | 頻率: 4.16 Hz
serial raw: 8250,3.416,0.216,-0.432,,2025-06-20T15:20:37 | 頻率: 4.17 Hz
serial raw: 8251,3.486,0.202,-0.471,,2025-06-20T15:20:37 | 頻率: 3.90 Hz
serial raw: 8252,3.546,0.182,-0.501,,2025-06-20T15:20:38 | 頻率: 3.91 Hz
serial raw: 8253,3.605,0.164,-0.533,,2025-06-20T15:20:38 | 頻率: 3.92 Hz
serial raw: 8254,3.658,0.168,-0.571,,2025-06-20T15:20:38 | 頻率: 3.89 Hz
serial raw: 8255,3.678,0.173,-0.590,,2025-06-20T15:20:38 | 頻率: 3.90 Hz
serial raw: 8256,3.696,0.171,-0.600,,2025-06-20T15:20:39 | 頻率: 4.16 Hz
serial raw: 8257,3.726,0.162,-0.617,,2025-06-20T15:20:39 | 頻率: 3.68 Hz
serial raw: 8258,3.731,0.158,-0.624,,2025-06-20T15:20:39 | 頻率: 3.91 Hz
serial raw: 8259,3.787,0.145,-0.627,,2025-06-20T15:20:40 | 頻率: 3.13 Hz
serial raw: 8260,3.789,0.146,-0.627,,2025-06-20T15:20:40 | 頻率: 3.90 Hz
serial raw: 8261,3.789,0.146,-0.627,,2025-06-20T15:20:40 | 頻率: 3.90 Hz
serial raw: 8262,3.791,0.157,-0.616,,2025-06-20T15:20:40 | 頻率: 3.91 Hz
serial raw: 8263,3.792,0.147,-0.628,,2025-06-20T15:20:41 | 頻率: 3.67 Hz
serial raw: 8264,3.790,0.148,-0.628,,2025-06-20T15:20:41 | 頻率: 4.17 Hz
serial raw: 8265,3.791,0.147,-0.628,,2025-06-20T15:20:41 | 頻率: 3.89 Hz
serial raw: 8266,3.791,0.148,-0.628,,2025-06-20T15:20:41 | 頻率: 3.68 Hz
serial raw: 8267,3.791,0.148,-0.629,,2025-06-20T15:20:42 | 頻率: 3.90 Hz
serial raw: 8268,3.791,0.148,-0.629,,2025-06-20T15:20:42 | 頻率: 3.91 Hz
serial raw: 8269,3.791,0.148,-0.629,,2025-06-20T15:20:42 | 頻率: 3.29 Hz
serial raw: 8270,3.791,0.148,-0.629,,2025-06-20T15:20:42 | 頻率: 3.90 Hz
serial raw: 8271,3.791,0.148,-0.629,,2025-06-20T15:20:43 | 頻率: 3.91 Hz
serial raw: 8272,3.791,0.148,-0.629,,2025-06-20T15:20:43 | 頻率: 3.67 Hz
serial raw: 8273,3.791,0.148,-0.629,,2025-06-20T15:20:43 | 頻率: 3.91 Hz
serial raw: 8274,3.791,0.148,-0.629,,2025-06-20T15:20:44 | 頻率: 3.66 Hz
serial raw: 8275,3.791,0.148,-0.629,,2025-06-20T15:20:44 | 頻率: 3.91 Hz
serial raw: 8276,3.791,0.148,-0.629,,2025-06-20T15:20:44 | 頻率: 3.68 Hz
serial raw: 8277,3.791,0.148,-0.629,,2025-06-20T15:20:44 | 頻率: 3.89 Hz
serial raw: 8278,3.791,0.148,-0.629,,2025-06-20T15:20:45 | 頻率: 3.13 Hz
serial raw: 8279,3.791,0.148,-0.629,,2025-06-20T15:20:45 | 頻率: 3.90 Hz
serial raw: 8280,3.791,0.148,-0.629,,2025-06-20T15:20:45 | 頻率: 3.67 Hz
serial raw: 8281,3.791,0.148,-0.629,,2025-06-20T15:20:45 | 頻率: 4.17 Hz
serial raw: 8282,3.791,0.148,-0.629,,2025-06-20T15:20:46 | 頻率: 3.67 Hz
serial raw: 8283,3.791,0.148,-0.629,,2025-06-20T15:20:46 | 頻率: 3.90 Hz
serial raw: 8284,3.791,0.148,-0.629,,2025-06-20T15:20:46 | 頻率: 3.91 Hz
serial raw: 8285,3.791,0.148,-0.629,,2025-06-20T15:20:46 | 頻率: 3.67 Hz
serial raw: 8286,3.791,0.148,-0.629,,2025-06-20T15:20:47 | 頻率: 3.67 Hz
serial raw: 8287,3.791,0.148,-0.629,,2025-06-20T15:20:47 | 頻率: 2.83 Hz
serial raw: 8288,3.791,0.148,-0.629,,2025-06-20T15:20:47 | 頻率: 3.90 Hz
serial raw: 8289,3.791,0.148,-0.629,,2025-06-20T15:20:48 | 頻率: 3.68 Hz
serial raw: 8290,3.791,0.148,-0.629,,2025-06-20T15:20:48 | 頻率: 3.91 Hz
serial raw: 8291,3.791,0.148,-0.629,,2025-06-20T15:20:48 | 頻率: 3.89 Hz
serial raw: 8292,3.791,0.148,-0.629,,2025-06-20T15:20:48 | 頻率: 3.90 Hz
serial raw: 8293,3.791,0.148,-0.629,,2025-06-20T15:20:49 | 頻率: 3.91 Hz
serial raw: 8294,3.791,0.148,-0.629,,2025-06-20T15:20:49 | 頻率: 3.90 Hz
serial raw: 8295,3.791,0.148,-0.629,,2025-06-20T15:20:49 | 頻率: 3.91 Hz
serial raw: 8296,3.791,0.148,-0.629,,2025-06-20T15:20:49 | 頻率: 3.90 Hz
serial raw: 8297,3.791,0.148,-0.629,,2025-06-20T15:20:50 | 頻率: 2.84 Hz
serial raw: 8298,3.791,0.148,-0.629,,2025-06-20T15:20:50 | 頻率: 3.89 Hz
serial raw: 8299,3.792,0.148,-0.629,,2025-06-20T15:20:50 | 頻率: 3.91 Hz
serial raw: 8300,3.792,0.148,-0.629,,2025-06-20T15:20:51 | 頻率: 3.67 Hz
serial raw: 8301,3.791,0.148,-0.629,,2025-06-20T15:20:51 | 頻率: 4.16 Hz
serial raw: 8302,3.791,0.148,-0.629,,2025-06-20T15:20:51 | 頻率: 3.68 Hz
serial raw: 8303,3.791,0.148,-0.629,,2025-06-20T15:20:51 | 頻率: 3.91 Hz
serial raw: 8304,3.791,0.148,-0.629,,2025-06-20T15:20:52 | 頻率: 3.89 Hz
serial raw: 8305,3.791,0.148,-0.629,,2025-06-20T15:20:52 | 頻率: 3.90 Hz
serial raw: 8306,3.791,0.148,-0.629,,2025-06-20T15:20:52 | 頻率: 3.91 Hz
serial raw: 8307,3.792,0.148,-0.629,,2025-06-20T15:20:52 | 頻率: 2.97 Hz
serial raw: 8308,3.791,0.148,-0.629,,2025-06-20T15:20:53 | 頻率: 3.91 Hz
serial raw: 8309,3.791,0.148,-0.629,,2025-06-20T15:20:53 | 頻率: 3.90 Hz
serial raw: 8310,3.791,0.148,-0.629,,2025-06-20T15:20:53 | 頻率: 3.68 Hz
serial raw: 8311,3.791,0.148,-0.629,,2025-06-20T15:20:53 | 頻率: 3.90 Hz
serial raw: 8312,3.791,0.148,-0.629,,2025-06-20T15:20:54 | 頻率: 3.90 Hz
serial raw: 8313,3.791,0.148,-0.629,,2025-06-20T15:20:54 | 頻率: 3.90 Hz
serial raw: 8314,3.791,0.148,-0.629,,2025-06-20T15:20:54 | 頻率: 3.68 Hz
serial raw: 8315,3.791,0.148,-0.629,,2025-06-20T15:20:54 | 頻率: 3.89 Hz
serial raw: 8316,3.791,0.148,-0.629,,2025-06-20T15:20:55 | 頻率: 2.97 Hz
serial raw: 8317,3.791,0.148,-0.629,,2025-06-20T15:20:55 | 頻率: 3.91 Hz
serial raw: 8318,3.791,0.148,-0.629,,2025-06-20T15:20:55 | 頻率: 3.90 Hz
serial raw: 8319,3.791,0.148,-0.629,,2025-06-20T15:20:56 | 頻率: 3.90 Hz
serial raw: 8320,3.792,0.148,-0.629,,2025-06-20T15:20:56 | 頻率: 3.91 Hz
serial raw: 8321,3.791,0.148,-0.629,,2025-06-20T15:20:56 | 頻率: 3.91 Hz
serial raw: 8322,3.791,0.148,-0.629,,2025-06-20T15:20:56 | 頻率: 3.90 Hz
serial raw: 8323,3.792,0.148,-0.629,,2025-06-20T15:20:57 | 頻率: 3.67 Hz
serial raw: 8324,3.792,0.148,-0.629,,2025-06-20T15:20:57 | 頻率: 3.91 Hz
serial raw: 8325,3.791,0.148,-0.629,,2025-06-20T15:20:57 | 頻率: 3.67 Hz
serial raw: 8326,3.791,0.148,-0.629,,2025-06-20T15:20:57 | 頻率: 3.46 Hz
serial raw: 8327,3.791,0.148,-0.629,,2025-06-20T15:20:58 | 頻率: 4.16 Hz
serial raw: 8328,3.791,0.148,-0.629,,2025-06-20T15:20:58 | 頻率: 3.68 Hz
serial raw: 8329,3.791,0.148,-0.629,,2025-06-20T15:20:58 | 頻率: 3.91 Hz
serial raw: 8330,3.791,0.148,-0.629,,2025-06-20T15:20:58 | 頻率: 3.89 Hz
serial raw: 8331,3.791,0.148,-0.629,,2025-06-20T15:20:59 | 頻率: 3.91 Hz
serial raw: 8332,3.791,0.148,-0.629,,2025-06-20T15:20:59 | 頻率: 3.67 Hz
serial raw: 8333,3.791,0.148,-0.629,,2025-06-20T15:20:59 | 頻率: 3.91 Hz
serial raw: 8334,3.791,0.148,-0.629,,2025-06-20T15:21:00 | 頻率: 3.90 Hz
serial raw: 8335,3.791,0.148,-0.629,,2025-06-20T15:21:00 | 頻率: 3.67 Hz
serial raw: 8336,3.791,0.148,-0.629,,2025-06-20T15:21:00 | 頻率: 3.13 Hz
serial raw: 8337,3.791,0.148,-0.629,,2025-06-20T15:21:00 | 頻率: 3.90 Hz
serial raw: 8338,3.791,0.148,-0.629,,2025-06-20T15:21:01 | 頻率: 3.90 Hz
serial raw: 8339,3.791,0.148,-0.629,,2025-06-20T15:21:01 | 頻率: 3.90 Hz
serial raw: 8340,3.791,0.148,-0.629,,2025-06-20T15:21:01 | 頻率: 3.67 Hz
serial raw: 8341,3.791,0.148,-0.629,,2025-06-20T15:21:01 | 頻率: 4.16 Hz
serial raw: 8342,3.791,0.148,-0.629,,2025-06-20T15:21:02 | 頻率: 3.69 Hz
serial raw: 8343,3.791,0.148,-0.629,,2025-06-20T15:21:02 | 頻率: 3.90 Hz
serial raw: 8344,3.791,0.148,-0.629,,2025-06-20T15:21:02 | 頻率: 3.90 Hz
serial raw: 8345,3.792,0.148,-0.629,,2025-06-20T15:21:02 | 頻率: 3.91 Hz
serial raw: 8346,3.791,0.148,-0.629,,2025-06-20T15:21:03 | 頻率: 2.84 Hz
serial raw: 8347,3.791,0.148,-0.629,,2025-06-20T15:21:03 | 頻率: 3.91 Hz
serial raw: 8348,3.791,0.148,-0.629,,2025-06-20T15:21:03 | 頻率: 3.90 Hz
serial raw: 8349,3.791,0.148,-0.629,,2025-06-20T15:21:04 | 頻率: 3.90 Hz
serial raw: 8350,3.791,0.148,-0.629,,2025-06-20T15:21:04 | 頻率: 3.67 Hz
serial raw: 8351,3.791,0.148,-0.629,,2025-06-20T15:21:04 | 頻率: 3.91 Hz
serial raw: 8352,3.791,0.148,-0.629,,2025-06-20T15:21:04 | 頻率: 3.90 Hz
serial raw: 8353,3.791,0.148,-0.629,,2025-06-20T15:21:05 | 頻率: 3.67 Hz
serial raw: 8354,3.791,0.148,-0.629,,2025-06-20T15:21:05 | 頻率: 3.92 Hz
serial raw: 8355,3.791,0.148,-0.629,,2025-06-20T15:21:05 | 頻率: 3.90 Hz
serial raw: 8356,3.791,0.148,-0.629,,2025-06-20T15:21:06 | 頻率: 2.71 Hz
serial raw: 8357,3.791,0.148,-0.629,,2025-06-20T15:21:06 | 頻率: 3.92 Hz
serial raw: 8358,3.791,0.148,-0.629,,2025-06-20T15:21:06 | 頻率: 3.90 Hz
serial raw: 8359,3.791,0.148,-0.629,,2025-06-20T15:21:06 | 頻率: 3.67 Hz
serial raw: 8360,3.791,0.148,-0.629,,2025-06-20T15:21:07 | 頻率: 3.91 Hz
serial raw: 8361,3.791,0.148,-0.629,,2025-06-20T15:21:07 | 頻率: 3.90 Hz
serial raw: 8362,3.791,0.148,-0.629,,2025-06-20T15:21:07 | 頻率: 3.68 Hz
serial raw: 8363,3.791,0.148,-0.629,,2025-06-20T15:21:07 | 頻率: 3.67 Hz
serial raw: 8364,3.791,0.148,-0.629,,2025-06-20T15:21:08 | 頻率: 3.91 Hz
serial raw: 8365,3.791,0.148,-0.629,,2025-06-20T15:21:08 | 頻率: 3.12 Hz
serial raw: 8366,3.791,0.148,-0.629,,2025-06-20T15:21:08 | 頻率: 3.90 Hz
serial raw: 8367,3.791,0.148,-0.629,,2025-06-20T15:21:08 | 頻率: 3.91 Hz
serial raw: 8368,3.791,0.148,-0.629,,2025-06-20T15:21:09 | 頻率: 3.91 Hz
serial raw: 8369,3.791,0.148,-0.629,,2025-06-20T15:21:09 | 頻率: 3.67 Hz
serial raw: 8370,3.791,0.148,-0.629,,2025-06-20T15:21:09 | 頻率: 4.18 Hz
serial raw: 8371,3.791,0.148,-0.629,,2025-06-20T15:21:09 | 頻率: 3.67 Hz
serial raw: 8372,3.791,0.148,-0.629,,2025-06-20T15:21:10 | 頻率: 4.16 Hz
serial raw: 8373,3.791,0.148,-0.629,,2025-06-20T15:21:10 | 頻率: 3.90 Hz
serial raw: 8374,3.791,0.148,-0.629,,2025-06-20T15:21:10 | 頻率: 3.68 Hz
serial raw: 8375,3.791,0.148,-0.629,,2025-06-20T15:21:11 | 頻率: 2.97 Hz
serial raw: 8376,3.791,0.148,-0.629,,2025-06-20T15:21:11 | 頻率: 3.91 Hz
serial raw: 8377,3.791,0.148,-0.629,,2025-06-20T15:21:11 | 頻率: 3.91 Hz
serial raw: 8378,3.791,0.148,-0.629,,2025-06-20T15:21:11 | 頻率: 3.90 Hz
serial raw: 8379,3.791,0.148,-0.629,,2025-06-20T15:21:12 | 頻率: 3.90 Hz
serial raw: 8380,3.791,0.148,-0.629,,2025-06-20T15:21:12 | 頻率: 4.16 Hz
serial raw: 8381,3.791,0.148,-0.629,,2025-06-20T15:21:12 | 頻率: 3.91 Hz
serial raw: 8382,3.791,0.148,-0.629,,2025-06-20T15:21:12 | 頻率: 3.67 Hz
serial raw: 8383,3.791,0.148,-0.629,,2025-06-20T15:21:13 | 頻率: 3.92 Hz
serial raw: 8384,3.791,0.148,-0.629,,2025-06-20T15:21:13 | 頻率: 3.89 Hz
serial raw: 8385,3.791,0.148,-0.629,,2025-06-20T15:21:13 | 頻率: 2.72 Hz
serial raw: 8386,3.791,0.148,-0.629,,2025-06-20T15:21:13 | 頻率: 3.91 Hz
serial raw: 8387,3.791,0.148,-0.629,,2025-06-20T15:21:14 | 頻率: 4.16 Hz
serial raw: 8388,3.791,0.148,-0.629,,2025-06-20T15:21:14 | 頻率: 4.16 Hz
serial raw: 8389,3.791,0.148,-0.629,,2025-06-20T15:21:14 | 頻率: 3.90 Hz
serial raw: 8390,3.791,0.148,-0.629,,2025-06-20T15:21:14 | 頻率: 3.91 Hz
serial raw: 8391,3.791,0.148,-0.629,,2025-06-20T15:21:15 | 頻率: 4.16 Hz
serial raw: 8392,3.791,0.148,-0.629,,2025-06-20T15:21:15 | 頻率: 3.89 Hz
serial raw: 8393,3.791,0.148,-0.629,,2025-06-20T15:21:15 | 頻率: 3.91 Hz
serial raw: 8394,3.791,0.148,-0.629,,2025-06-20T15:21:16 | 頻率: 3.91 Hz
serial raw: 8395,3.791,0.148,-0.629,,2025-06-20T15:21:16 | 頻率: 3.68 Hz
serial raw: 8396,3.791,0.148,-0.629,,2025-06-20T15:21:16 | 頻率: 2.60 Hz
serial raw: 8397,3.791,0.148,-0.629,,2025-06-20T15:21:16 | 頻率: 4.17 Hz
serial raw: 8398,3.791,0.148,-0.629,,2025-06-20T15:21:17 | 頻率: 3.90 Hz
serial raw: 8399,3.791,0.148,-0.629,,2025-06-20T15:21:17 | 頻率: 3.91 Hz
serial raw: 8400,3.791,0.148,-0.629,,2025-06-20T15:21:17 | 頻率: 3.90 Hz
serial raw: 8401,3.791,0.148,-0.629,,2025-06-20T15:21:17 | 頻率: 3.89 Hz
serial raw: 8402,3.791,0.148,-0.629,,2025-06-20T15:21:18 | 頻率: 3.91 Hz
serial raw: 8403,3.791,0.148,-0.629,,2025-06-20T15:21:18 | 頻率: 3.90 Hz
serial raw: 8404,3.791,0.148,-0.629,,2025-06-20T15:21:18 | 頻率: 3.91 Hz
serial raw: 8405,3.791,0.148,-0.629,,2025-06-20T15:21:18 | 頻率: 3.90 Hz
serial raw: 8406,3.791,0.148,-0.629,,2025-06-20T15:21:19 | 頻率: 2.72 Hz
serial raw: 8407,3.791,0.148,-0.629,,2025-06-20T15:21:19 | 頻率: 3.90 Hz
serial raw: 8408,3.791,0.148,-0.629,,2025-06-20T15:21:19 | 頻率: 3.89 Hz
serial raw: 8409,3.791,0.148,-0.629,,2025-06-20T15:21:20 | 頻率: 3.90 Hz
serial raw: 8410,3.791,0.148,-0.629,,2025-06-20T15:21:20 | 頻率: 3.92 Hz
serial raw: 8411,3.791,0.148,-0.629,,2025-06-20T15:21:20 | 頻率: 3.89 Hz
serial raw: 8412,3.791,0.148,-0.629,,2025-06-20T15:21:20 | 頻率: 3.91 Hz
serial raw: 8413,3.791,0.148,-0.629,,2025-06-20T15:21:21 | 頻率: 3.90 Hz
serial raw: 8414,3.791,0.148,-0.629,,2025-06-20T15:21:21 | 頻率: 3.91 Hz
serial raw: 8415,3.791,0.148,-0.629,,2025-06-20T15:21:21 | 頻率: 3.90 Hz
serial raw: 8416,3.791,0.148,-0.629,,2025-06-20T15:21:21 | 頻率: 3.29 Hz
serial raw: 8417,3.791,0.148,-0.629,,2025-06-20T15:21:22 | 頻率: 3.89 Hz
serial raw: 8418,3.791,0.148,-0.629,,2025-06-20T15:21:22 | 頻率: 4.16 Hz
serial raw: 8419,3.791,0.148,-0.629,,2025-06-20T15:21:22 | 頻率: 4.15 Hz
serial raw: 8420,3.791,0.148,-0.629,,2025-06-20T15:21:22 | 頻率: 3.90 Hz
serial raw: 8421,3.791,0.148,-0.629,,2025-06-20T15:21:23 | 頻率: 3.68 Hz
serial raw: 8422,3.791,0.148,-0.629,,2025-06-20T15:21:23 | 頻率: 3.90 Hz
serial raw: 8423,3.791,0.148,-0.629,,2025-06-20T15:21:23 | 頻率: 3.91 Hz
serial raw: 8424,3.791,0.148,-0.629,,2025-06-20T15:21:23 | 頻率: 3.67 Hz
serial raw: 8425,3.791,0.148,-0.629,,2025-06-20T15:21:24 | 頻率: 3.89 Hz
serial raw: 8426,3.791,0.148,-0.629,,2025-06-20T15:21:24 | 頻率: 3.68 Hz
serial raw: 8427,3.791,0.148,-0.629,,2025-06-20T15:21:24 | 頻率: 2.97 Hz
serial raw: 8428,3.791,0.148,-0.629,,2025-06-20T15:21:25 | 頻率: 3.90 Hz
serial raw: 8429,3.791,0.148,-0.629,,2025-06-20T15:21:25 | 頻率: 3.90 Hz
serial raw: 8430,3.791,0.148,-0.629,,2025-06-20T15:21:25 | 頻率: 3.91 Hz
serial raw: 8431,3.791,0.148,-0.629,,2025-06-20T15:21:25 | 頻率: 3.68 Hz
serial raw: 8432,3.791,0.148,-0.629,,2025-06-20T15:21:26 | 頻率: 3.90 Hz
serial raw: 8433,3.791,0.148,-0.629,,2025-06-20T15:21:26 | 頻率: 3.90 Hz
serial raw: 8434,3.791,0.148,-0.629,,2025-06-20T15:21:26 | 頻率: 3.91 Hz
serial raw: 8435,3.791,0.148,-0.629,,2025-06-20T15:21:26 | 頻率: 4.16 Hz
serial raw: 8436,3.791,0.148,-0.629,,2025-06-20T15:21:27 | 頻率: 3.68 Hz
serial raw: 8437,3.791,0.148,-0.629,,2025-06-20T15:21:27 | 頻率: 2.98 Hz
serial raw: 8438,3.791,0.148,-0.629,,2025-06-20T15:21:27 | 頻率: 3.90 Hz
serial raw: 8439,3.791,0.148,-0.629,,2025-06-20T15:21:28 | 頻率: 3.90 Hz
serial raw: 8440,3.791,0.148,-0.629,,2025-06-20T15:21:28 | 頻率: 3.90 Hz
serial raw: 8441,3.791,0.148,-0.629,,2025-06-20T15:21:28 | 頻率: 3.67 Hz
serial raw: 8442,3.791,0.148,-0.629,,2025-06-20T15:21:28 | 頻率: 3.68 Hz
serial raw: 8443,3.791,0.148,-0.629,,2025-06-20T15:21:29 | 頻率: 3.90 Hz
serial raw: 8444,3.791,0.148,-0.629,,2025-06-20T15:21:29 | 頻率: 3.68 Hz
serial raw: 8445,3.791,0.148,-0.629,,2025-06-20T15:21:29 | 頻率: 3.90 Hz
serial raw: 8446,3.791,0.148,-0.629,,2025-06-20T15:21:29 | 頻率: 3.90 Hz
serial raw: 8447,3.791,0.148,-0.629,,2025-06-20T15:21:30 | 頻率: 3.13 Hz
serial raw: 8448,3.791,0.148,-0.629,,2025-06-20T15:21:30 | 頻率: 4.16 Hz
serial raw: 8449,3.791,0.148,-0.629,,2025-06-20T15:21:30 | 頻率: 3.90 Hz
serial raw: 8450,3.791,0.148,-0.629,,2025-06-20T15:21:30 | 頻率: 3.68 Hz
serial raw: 8451,3.791,0.148,-0.629,,2025-06-20T15:21:31 | 頻率: 3.90 Hz
serial raw: 8452,3.791,0.148,-0.629,,2025-06-20T15:21:31 | 頻率: 3.90 Hz
serial raw: 8453,3.791,0.148,-0.629,,2025-06-20T15:21:31 | 頻率: 3.67 Hz
serial raw: 8454,3.790,0.148,-0.629,,2025-06-20T15:21:31 | 頻率: 3.90 Hz
serial raw: 8455,3.791,0.148,-0.629,,2025-06-20T15:21:32 | 頻率: 3.68 Hz
serial raw: 8456,3.791,0.148,-0.629,,2025-06-20T15:21:32 | 頻率: 3.68 Hz
serial raw: 8457,3.791,0.148,-0.629,,2025-06-20T15:21:32 | 頻率: 3.13 Hz
serial raw: 8458,3.791,0.148,-0.629,,2025-06-20T15:21:33 | 頻率: 4.17 Hz
serial raw: 8459,3.791,0.148,-0.629,,2025-06-20T15:21:33 | 頻率: 3.89 Hz
serial raw: 8460,3.791,0.148,-0.629,,2025-06-20T15:21:33 | 頻率: 3.91 Hz
serial raw: 8461,3.791,0.148,-0.629,,2025-06-20T15:21:33 | 頻率: 3.67 Hz
serial raw: 8462,3.791,0.148,-0.629,,2025-06-20T15:21:34 | 頻率: 3.90 Hz
serial raw: 8463,3.791,0.148,-0.629,,2025-06-20T15:21:34 | 頻率: 3.91 Hz
serial raw: 8464,3.791,0.148,-0.629,,2025-06-20T15:21:34 | 頻率: 3.68 Hz
serial raw: 8465,3.791,0.148,-0.629,,2025-06-20T15:21:34 | 頻率: 3.66 Hz
serial raw: 8466,3.791,0.148,-0.629,,2025-06-20T15:21:35 | 頻率: 3.90 Hz
serial raw: 8467,3.791,0.148,-0.629,,2025-06-20T15:21:35 | 頻率: 2.72 Hz
serial raw: 8468,3.791,0.148,-0.629,,2025-06-20T15:21:35 | 頻率: 3.89 Hz
serial raw: 8469,3.791,0.148,-0.629,,2025-06-20T15:21:36 | 頻率: 3.91 Hz
serial raw: 8470,3.791,0.148,-0.629,,2025-06-20T15:21:36 | 頻率: 3.91 Hz
serial raw: 8471,3.791,0.148,-0.629,,2025-06-20T15:21:36 | 頻率: 3.67 Hz
serial raw: 8472,3.791,0.148,-0.629,,2025-06-20T15:21:36 | 頻率: 3.91 Hz
serial raw: 8473,3.791,0.148,-0.629,,2025-06-20T15:21:37 | 頻率: 3.90 Hz
serial raw: 8474,3.791,0.148,-0.629,,2025-06-20T15:21:37 | 頻率: 3.90 Hz
serial raw: 8475,3.791,0.148,-0.629,,2025-06-20T15:21:37 | 頻率: 3.90 Hz
serial raw: 8476,3.791,0.148,-0.629,,2025-06-20T15:21:37 | 頻率: 3.67 Hz
serial raw: 8477,3.791,0.148,-0.629,,2025-06-20T15:21:38 | 頻率: 2.97 Hz
serial raw: 8478,3.791,0.148,-0.629,,2025-06-20T15:21:38 | 頻率: 3.91 Hz
serial raw: 8479,3.791,0.148,-0.629,,2025-06-20T15:21:38 | 頻率: 3.91 Hz
serial raw: 8480,3.791,0.148,-0.629,,2025-06-20T15:21:39 | 頻率: 3.89 Hz
serial raw: 8481,3.791,0.148,-0.629,,2025-06-20T15:21:39 | 頻率: 3.92 Hz
serial raw: 8482,3.791,0.148,-0.629,,2025-06-20T15:21:39 | 頻率: 3.89 Hz
serial raw: 8483,3.791,0.148,-0.629,,2025-06-20T15:21:39 | 頻率: 3.91 Hz
serial raw: 8484,3.791,0.148,-0.629,,2025-06-20T15:21:40 | 頻率: 3.91 Hz
serial raw: 8485,3.791,0.148,-0.629,,2025-06-20T15:21:40 | 頻率: 3.90 Hz
serial raw: 8486,3.791,0.148,-0.629,,2025-06-20T15:21:40 | 頻率: 3.90 Hz
serial raw: 8487,3.791,0.148,-0.629,,2025-06-20T15:21:40 | 頻率: 3.68 Hz
serial raw: 8488,3.791,0.148,-0.629,,2025-06-20T15:21:41 | 頻率: 2.97 Hz
serial raw: 8489,3.791,0.148,-0.629,,2025-06-20T15:21:41 | 頻率: 3.90 Hz
serial raw: 8490,3.791,0.148,-0.629,,2025-06-20T15:21:41 | 頻率: 3.91 Hz
serial raw: 8491,3.791,0.148,-0.629,,2025-06-20T15:21:41 | 頻率: 3.66 Hz
serial raw: 8492,3.791,0.148,-0.629,,2025-06-20T15:21:42 | 頻率: 3.91 Hz
serial raw: 8493,3.791,0.148,-0.629,,2025-06-20T15:21:42 | 頻率: 3.90 Hz
serial raw: 8494,3.791,0.148,-0.629,,2025-06-20T15:21:42 | 頻率: 3.91 Hz
serial raw: 8495,3.791,0.148,-0.629,,2025-06-20T15:21:42 | 頻率: 3.48 Hz
serial raw: 8496,3.791,0.148,-0.629,,2025-06-20T15:21:43 | 頻率: 3.89 Hz
serial raw: 8497,3.791,0.148,-0.629,,2025-06-20T15:21:43 | 頻率: 2.72 Hz
serial raw: 8498,3.791,0.148,-0.629,,2025-06-20T15:21:43 | 頻率: 3.90 Hz
serial raw: 8499,3.791,0.148,-0.629,,2025-06-20T15:21:44 | 頻率: 4.17 Hz
serial raw: 8500,3.791,0.148,-0.629,,2025-06-20T15:21:44 | 頻率: 3.89 Hz
serial raw: 8501,3.791,0.148,-0.629,,2025-06-20T15:21:44 | 頻率: 3.68 Hz
serial raw: 8502,3.791,0.148,-0.629,,2025-06-20T15:21:44 | 頻率: 3.89 Hz
serial raw: 8503,3.791,0.148,-0.629,,2025-06-20T15:21:45 | 頻率: 3.67 Hz
serial raw: 8504,3.791,0.148,-0.629,,2025-06-20T15:21:45 | 頻率: 3.68 Hz
serial raw: 8505,3.791,0.148,-0.629,,2025-06-20T15:21:45 | 頻率: 3.90 Hz
serial raw: 8506,3.791,0.148,-0.629,,2025-06-20T15:21:45 | 頻率: 3.67 Hz
serial raw: 8507,3.791,0.148,-0.629,,2025-06-20T15:21:46 | 頻率: 3.13 Hz
serial raw: 8508,3.791,0.148,-0.629,,2025-06-20T15:21:46 | 頻率: 3.89 Hz
serial raw: 8509,3.791,0.148,-0.629,,2025-06-20T15:21:46 | 頻率: 3.91 Hz
serial raw: 8510,3.791,0.148,-0.629,,2025-06-20T15:21:47 | 頻率: 3.67 Hz
serial raw: 8511,3.791,0.148,-0.629,,2025-06-20T15:21:47 | 頻率: 4.15 Hz
serial raw: 8512,3.791,0.148,-0.629,,2025-06-20T15:21:47 | 頻率: 3.67 Hz
serial raw: 8513,3.791,0.148,-0.629,,2025-06-20T15:21:47 | 頻率: 3.68 Hz
serial raw: 8514,3.791,0.148,-0.629,,2025-06-20T15:21:48 | 頻率: 3.90 Hz
serial raw: 8515,3.791,0.148,-0.629,,2025-06-20T15:21:48 | 頻率: 3.91 Hz
serial raw: 8516,3.791,0.148,-0.629,,2025-06-20T15:21:48 | 頻率: 3.90 Hz
serial raw: 8517,3.791,0.148,-0.629,,2025-06-20T15:21:49 | 頻率: 2.60 Hz
serial raw: 8518,3.791,0.148,-0.629,,2025-06-20T15:21:49 | 頻率: 4.16 Hz
serial raw: 8519,3.791,0.148,-0.629,,2025-06-20T15:21:49 | 頻率: 3.91 Hz
serial raw: 8520,3.791,0.148,-0.629,,2025-06-20T15:21:49 | 頻率: 3.68 Hz
serial raw: 8521,3.791,0.148,-0.629,,2025-06-20T15:21:50 | 頻率: 3.66 Hz
serial raw: 8522,3.791,0.148,-0.629,,2025-06-20T15:21:50 | 頻率: 3.91 Hz
serial raw: 8523,3.791,0.148,-0.629,,2025-06-20T15:21:50 | 頻率: 3.66 Hz
serial raw: 8524,3.791,0.148,-0.629,,2025-06-20T15:21:50 | 頻率: 3.67 Hz
serial raw: 8525,3.791,0.148,-0.629,,2025-06-20T15:21:51 | 頻率: 3.91 Hz
serial raw: 8526,3.791,0.148,-0.629,,2025-06-20T15:21:51 | 頻率: 2.84 Hz
serial raw: 8527,3.791,0.148,-0.629,,2025-06-20T15:21:51 | 頻率: 3.90 Hz
serial raw: 8528,3.791,0.148,-0.629,,2025-06-20T15:21:51 | 頻率: 3.68 Hz
serial raw: 8529,3.791,0.148,-0.629,,2025-06-20T15:21:52 | 頻率: 3.91 Hz
serial raw: 8530,3.791,0.148,-0.629,,2025-06-20T15:21:52 | 頻率: 3.66 Hz
serial raw: 8531,3.791,0.148,-0.629,,2025-06-20T15:21:52 | 頻率: 3.68 Hz
serial raw: 8532,3.791,0.148,-0.629,,2025-06-20T15:21:53 | 頻率: 3.68 Hz
serial raw: 8533,3.791,0.148,-0.629,,2025-06-20T15:21:53 | 頻率: 3.89 Hz
serial raw: 8534,3.791,0.148,-0.629,,2025-06-20T15:21:53 | 頻率: 3.90 Hz
serial raw: 8535,3.791,0.148,-0.629,,2025-06-20T15:21:53 | 頻率: 3.29 Hz
serial raw: 8536,3.791,0.148,-0.629,,2025-06-20T15:21:54 | 頻率: 3.91 Hz
serial raw: 8537,3.791,0.148,-0.629,,2025-06-20T15:21:54 | 頻率: 3.67 Hz
serial raw: 8538,3.791,0.148,-0.629,,2025-06-20T15:21:54 | 頻率: 3.67 Hz
serial raw: 8539,3.791,0.148,-0.629,,2025-06-20T15:21:54 | 頻率: 3.68 Hz
serial raw: 8540,3.791,0.148,-0.629,,2025-06-20T15:21:55 | 頻率: 3.89 Hz
serial raw: 8541,3.791,0.148,-0.629,,2025-06-20T15:21:55 | 頻率: 3.68 Hz
serial raw: 8542,3.791,0.148,-0.629,,2025-06-20T15:21:55 | 頻率: 3.90 Hz
serial raw: 8543,3.791,0.148,-0.629,,2025-06-20T15:21:55 | 頻率: 3.90 Hz
serial raw: 8544,3.791,0.148,-0.629,,2025-06-20T15:21:56 | 頻率: 3.28 Hz
serial raw: 8545,3.791,0.148,-0.629,,2025-06-20T15:21:56 | 頻率: 3.90 Hz
serial raw: 8546,3.791,0.148,-0.629,,2025-06-20T15:21:56 | 頻率: 3.91 Hz
serial raw: 8547,3.790,0.148,-0.628,,2025-06-20T15:21:57 | 頻率: 3.90 Hz
serial raw: 8548,3.791,0.148,-0.629,,2025-06-20T15:21:57 | 頻率: 3.90 Hz
serial raw: 8549,3.791,0.148,-0.629,,2025-06-20T15:21:57 | 頻率: 3.91 Hz
serial raw: 8550,3.791,0.148,-0.629,,2025-06-20T15:21:57 | 頻率: 3.67 Hz
serial raw: 8551,3.791,0.148,-0.629,,2025-06-20T15:21:58 | 頻率: 3.89 Hz
serial raw: 8552,3.791,0.148,-0.629,,2025-06-20T15:21:58 | 頻率: 3.68 Hz
serial raw: 8553,3.792,0.148,-0.629,,2025-06-20T15:21:58 | 頻率: 3.91 Hz
serial raw: 8554,3.791,0.148,-0.629,,2025-06-20T15:21:58 | 頻率: 2.97 Hz
serial raw: 8555,3.791,0.148,-0.629,,2025-06-20T15:21:59 | 頻率: 3.91 Hz
serial raw: 8556,3.791,0.148,-0.629,,2025-06-20T15:21:59 | 頻率: 3.67 Hz
serial raw: 8557,3.791,0.148,-0.629,,2025-06-20T15:21:59 | 頻率: 3.90 Hz
serial raw: 8558,3.791,0.148,-0.629,,2025-06-20T15:22:00 | 頻率: 3.91 Hz
serial raw: 8559,3.791,0.148,-0.629,,2025-06-20T15:22:00 | 頻率: 3.67 Hz
serial raw: 8560,3.791,0.148,-0.629,,2025-06-20T15:22:00 | 頻率: 3.89 Hz
serial raw: 8561,3.791,0.148,-0.629,,2025-06-20T15:22:00 | 頻率: 3.68 Hz
serial raw: 8562,3.791,0.148,-0.629,,2025-06-20T15:22:01 | 頻率: 3.91 Hz
serial raw: 8563,3.792,0.148,-0.629,,2025-06-20T15:22:01 | 頻率: 3.11 Hz
serial raw: 8564,3.791,0.148,-0.629,,2025-06-20T15:22:01 | 頻率: 3.91 Hz
serial raw: 8565,3.791,0.148,-0.629,,2025-06-20T15:22:01 | 頻率: 4.16 Hz
serial raw: 8566,3.791,0.148,-0.629,,2025-06-20T15:22:02 | 頻率: 3.92 Hz
serial raw: 8567,3.791,0.148,-0.629,,2025-06-20T15:22:02 | 頻率: 4.15 Hz
serial raw: 8568,3.791,0.148,-0.629,,2025-06-20T15:22:02 | 頻率: 3.90 Hz
serial raw: 8569,3.791,0.148,-0.629,,2025-06-20T15:22:02 | 頻率: 3.68 Hz
serial raw: 8570,3.791,0.148,-0.629,,2025-06-20T15:22:03 | 頻率: 3.90 Hz
serial raw: 8571,3.791,0.148,-0.629,,2025-06-20T15:22:03 | 頻率: 3.91 Hz
serial raw: 8572,3.791,0.148,-0.629,,2025-06-20T15:22:03 | 頻率: 3.90 Hz
serial raw: 8573,3.791,0.148,-0.629,,2025-06-20T15:22:03 | 頻率: 3.67 Hz
serial raw: 8574,3.791,0.148,-0.629,,2025-06-20T15:22:04 | 頻率: 3.90 Hz
serial raw: 8575,3.791,0.148,-0.629,,2025-06-20T15:22:04 | 頻率: 3.30 Hz
serial raw: 8576,3.791,0.148,-0.629,,2025-06-20T15:22:04 | 頻率: 4.14 Hz
serial raw: 8577,3.791,0.148,-0.629,,2025-06-20T15:22:05 | 頻率: 3.68 Hz
serial raw: 8578,3.791,0.148,-0.629,,2025-06-20T15:22:05 | 頻率: 3.90 Hz
serial raw: 8579,3.792,0.148,-0.629,,2025-06-20T15:22:05 | 頻率: 3.89 Hz
serial raw: 8580,3.791,0.148,-0.629,,2025-06-20T15:22:05 | 頻率: 3.68 Hz
serial raw: 8581,3.791,0.148,-0.629,,2025-06-20T15:22:06 | 頻率: 3.90 Hz
serial raw: 8582,3.791,0.148,-0.629,,2025-06-20T15:22:06 | 頻率: 3.67 Hz
serial raw: 8583,3.791,0.148,-0.629,,2025-06-20T15:22:06 | 頻率: 3.69 Hz
serial raw: 8584,3.791,0.148,-0.629,,2025-06-20T15:22:06 | 頻率: 3.66 Hz
serial raw: 8585,3.791,0.148,-0.629,,2025-06-20T15:22:07 | 頻率: 3.47 Hz
serial raw: 8586,3.791,0.148,-0.629,,2025-06-20T15:22:07 | 頻率: 3.90 Hz
serial raw: 8587,3.791,0.148,-0.629,,2025-06-20T15:22:07 | 頻率: 3.90 Hz
serial raw: 8588,3.791,0.148,-0.629,,2025-06-20T15:22:07 | 頻率: 3.68 Hz
serial raw: 8589,3.791,0.148,-0.629,,2025-06-20T15:22:08 | 頻率: 3.67 Hz
serial raw: 8590,3.791,0.148,-0.629,,2025-06-20T15:22:08 | 頻率: 3.91 Hz
serial raw: 8591,3.791,0.148,-0.629,,2025-06-20T15:22:08 | 頻率: 3.67 Hz
serial raw: 8592,3.791,0.148,-0.629,,2025-06-20T15:22:09 | 頻率: 3.90 Hz
serial raw: 8593,3.791,0.148,-0.629,,2025-06-20T15:22:09 | 頻率: 3.68 Hz
serial raw: 8594,3.791,0.148,-0.629,,2025-06-20T15:22:09 | 頻率: 3.91 Hz
serial raw: 8595,3.791,0.148,-0.629,,2025-06-20T15:22:09 | 頻率: 3.29 Hz
serial raw: 8596,3.791,0.148,-0.629,,2025-06-20T15:22:10 | 頻率: 3.90 Hz
serial raw: 8597,3.791,0.148,-0.629,,2025-06-20T15:22:10 | 頻率: 3.90 Hz
serial raw: 8598,3.791,0.148,-0.629,,2025-06-20T15:22:10 | 頻率: 3.91 Hz
serial raw: 8599,3.791,0.148,-0.629,,2025-06-20T15:22:10 | 頻率: 3.67 Hz
serial raw: 8600,3.791,0.148,-0.629,,2025-06-20T15:22:11 | 頻率: 3.91 Hz
serial raw: 8601,3.791,0.148,-0.629,,2025-06-20T15:22:11 | 頻率: 3.66 Hz
serial raw: 8602,3.791,0.148,-0.629,,2025-06-20T15:22:11 | 頻率: 3.90 Hz
serial raw: 8603,3.791,0.148,-0.629,,2025-06-20T15:22:11 | 頻率: 3.68 Hz
serial raw: 8604,3.791,0.148,-0.629,,2025-06-20T15:22:12 | 頻率: 3.68 Hz
serial raw: 8605,3.791,0.148,-0.629,,2025-06-20T15:22:12 | 頻率: 3.11 Hz
serial raw: 8606,3.791,0.148,-0.629,,2025-06-20T15:22:12 | 頻率: 3.91 Hz
serial raw: 8607,3.791,0.148,-0.629,,2025-06-20T15:22:13 | 頻率: 3.67 Hz
serial raw: 8608,3.791,0.148,-0.629,,2025-06-20T15:22:13 | 頻率: 3.90 Hz
serial raw: 8609,3.791,0.148,-0.629,,2025-06-20T15:22:13 | 頻率: 3.68 Hz
serial raw: 8610,3.791,0.148,-0.629,,2025-06-20T15:22:13 | 頻率: 3.68 Hz
serial raw: 8611,3.791,0.148,-0.629,,2025-06-20T15:22:14 | 頻率: 3.89 Hz
serial raw: 8612,3.791,0.148,-0.629,,2025-06-20T15:22:14 | 頻率: 3.69 Hz
serial raw: 8613,3.791,0.148,-0.629,,2025-06-20T15:22:14 | 頻率: 3.89 Hz
serial raw: 8614,3.791,0.148,-0.629,,2025-06-20T15:22:14 | 頻率: 3.13 Hz
serial raw: 8615,3.791,0.148,-0.629,,2025-06-20T15:22:15 | 頻率: 3.89 Hz
serial raw: 8616,3.791,0.148,-0.629,,2025-06-20T15:22:15 | 頻率: 3.91 Hz
serial raw: 8617,3.791,0.148,-0.629,,2025-06-20T15:22:15 | 頻率: 3.68 Hz
serial raw: 8618,3.791,0.148,-0.629,,2025-06-20T15:22:16 | 頻率: 3.89 Hz
serial raw: 8619,3.791,0.148,-0.629,,2025-06-20T15:22:16 | 頻率: 3.68 Hz
serial raw: 8620,3.791,0.148,-0.629,,2025-06-20T15:22:16 | 頻率: 3.91 Hz
serial raw: 8621,3.791,0.148,-0.629,,2025-06-20T15:22:16 | 頻率: 3.67 Hz
serial raw: 8622,3.791,0.148,-0.629,,2025-06-20T15:22:17 | 頻率: 3.91 Hz
serial raw: 8623,3.791,0.148,-0.629,,2025-06-20T15:22:17 | 頻率: 3.66 Hz
serial raw: 8624,3.791,0.148,-0.629,,2025-06-20T15:22:17 | 頻率: 2.97 Hz
serial raw: 8625,3.791,0.148,-0.629,,2025-06-20T15:22:17 | 頻率: 3.91 Hz
serial raw: 8626,3.791,0.148,-0.629,,2025-06-20T15:22:18 | 頻率: 3.68 Hz
serial raw: 8627,3.791,0.148,-0.629,,2025-06-20T15:22:18 | 頻率: 3.67 Hz
serial raw: 8628,3.791,0.148,-0.629,,2025-06-20T15:22:18 | 頻率: 3.90 Hz
serial raw: 8629,3.791,0.148,-0.629,,2025-06-20T15:22:19 | 頻率: 3.67 Hz
serial raw: 8630,3.791,0.148,-0.629,,2025-06-20T15:22:19 | 頻率: 3.90 Hz
serial raw: 8631,3.791,0.148,-0.629,,2025-06-20T15:22:19 | 頻率: 3.89 Hz
serial raw: 8632,3.791,0.148,-0.629,,2025-06-20T15:22:19 | 頻率: 3.67 Hz
serial raw: 8633,3.791,0.148,-0.629,,2025-06-20T15:22:20 | 頻率: 3.68 Hz
serial raw: 8634,3.791,0.148,-0.629,,2025-06-20T15:22:20 | 頻率: 2.98 Hz
serial raw: 8635,3.791,0.148,-0.629,,2025-06-20T15:22:20 | 頻率: 3.90 Hz
serial raw: 8636,3.791,0.148,-0.629,,2025-06-20T15:22:20 | 頻率: 3.67 Hz
serial raw: 8637,3.791,0.148,-0.629,,2025-06-20T15:22:21 | 頻率: 3.90 Hz
serial raw: 8638,3.792,0.148,-0.629,,2025-06-20T15:22:21 | 頻率: 3.47 Hz
serial raw: 8639,3.791,0.148,-0.629,,2025-06-20T15:22:21 | 頻率: 4.16 Hz
serial raw: 8640,3.791,0.148,-0.629,,2025-06-20T15:22:21 | 頻率: 3.68 Hz
serial raw: 8641,3.791,0.148,-0.629,,2025-06-20T15:22:22 | 頻率: 3.90 Hz
serial raw: 8642,3.791,0.148,-0.629,,2025-06-20T15:22:22 | 頻率: 3.91 Hz
serial raw: 8643,3.791,0.148,-0.629,,2025-06-20T15:22:22 | 頻率: 3.90 Hz
serial raw: 8644,3.791,0.148,-0.629,,2025-06-20T15:22:23 | 頻率: 3.12 Hz
serial raw: 8645,3.791,0.148,-0.629,,2025-06-20T15:22:23 | 頻率: 3.90 Hz
serial raw: 8646,3.791,0.148,-0.629,,2025-06-20T15:22:23 | 頻率: 3.91 Hz
serial raw: 8647,3.791,0.148,-0.629,,2025-06-20T15:22:23 | 頻率: 3.91 Hz
serial raw: 8648,3.791,0.148,-0.629,,2025-06-20T15:22:24 | 頻率: 3.67 Hz
serial raw: 8649,3.791,0.148,-0.629,,2025-06-20T15:22:24 | 頻率: 3.68 Hz
serial raw: 8650,3.791,0.148,-0.629,,2025-06-20T15:22:24 | 頻率: 3.68 Hz
serial raw: 8651,3.791,0.148,-0.629,,2025-06-20T15:22:24 | 頻率: 3.90 Hz
serial raw: 8652,3.791,0.148,-0.629,,2025-06-20T15:22:25 | 頻率: 3.90 Hz
serial raw: 8653,3.791,0.148,-0.629,,2025-06-20T15:22:25 | 頻率: 3.67 Hz
serial raw: 8654,3.791,0.148,-0.629,,2025-06-20T15:22:25 | 頻率: 3.29 Hz
serial raw: 8655,3.791,0.148,-0.629,,2025-06-20T15:22:25 | 頻率: 3.90 Hz
serial raw: 8656,3.791,0.148,-0.629,,2025-06-20T15:22:26 | 頻率: 3.91 Hz
serial raw: 8657,3.791,0.148,-0.629,,2025-06-20T15:22:26 | 頻率: 3.67 Hz
serial raw: 8658,3.791,0.148,-0.629,,2025-06-20T15:22:26 | 頻率: 3.67 Hz
serial raw: 8659,3.791,0.148,-0.629,,2025-06-20T15:22:27 | 頻率: 3.91 Hz
serial raw: 8660,3.791,0.148,-0.629,,2025-06-20T15:22:27 | 頻率: 3.67 Hz
serial raw: 8661,3.791,0.148,-0.629,,2025-06-20T15:22:27 | 頻率: 3.67 Hz
serial raw: 8662,3.791,0.148,-0.629,,2025-06-20T15:22:27 | 頻率: 3.69 Hz
serial raw: 8663,3.791,0.148,-0.629,,2025-06-20T15:22:28 | 頻率: 3.67 Hz
serial raw: 8664,3.791,0.148,-0.629,,2025-06-20T15:22:28 | 頻率: 2.71 Hz
serial raw: 8665,3.791,0.148,-0.629,,2025-06-20T15:22:28 | 頻率: 3.91 Hz
serial raw: 8666,3.791,0.148,-0.629,,2025-06-20T15:22:29 | 頻率: 3.90 Hz
serial raw: 8667,3.791,0.148,-0.629,,2025-06-20T15:22:29 | 頻率: 3.67 Hz
serial raw: 8668,3.791,0.148,-0.629,,2025-06-20T15:22:29 | 頻率: 3.91 Hz
serial raw: 8669,3.791,0.148,-0.629,,2025-06-20T15:22:29 | 頻率: 3.90 Hz
serial raw: 8670,3.791,0.148,-0.629,,2025-06-20T15:22:30 | 頻率: 3.68 Hz
serial raw: 8671,3.791,0.148,-0.629,,2025-06-20T15:22:30 | 頻率: 3.66 Hz
serial raw: 8672,3.792,0.148,-0.629,,2025-06-20T15:22:30 | 頻率: 3.91 Hz
serial raw: 8673,3.791,0.148,-0.629,,2025-06-20T15:22:30 | 頻率: 3.67 Hz
serial raw: 8674,3.791,0.148,-0.629,,2025-06-20T15:22:31 | 頻率: 2.84 Hz
serial raw: 8675,3.791,0.148,-0.629,,2025-06-20T15:22:31 | 頻率: 4.15 Hz
serial raw: 8676,3.791,0.148,-0.629,,2025-06-20T15:22:31 | 頻率: 3.68 Hz
serial raw: 8677,3.791,0.148,-0.629,,2025-06-20T15:22:32 | 頻率: 3.91 Hz
serial raw: 8678,3.791,0.148,-0.629,,2025-06-20T15:22:32 | 頻率: 3.67 Hz
serial raw: 8679,3.791,0.148,-0.629,,2025-06-20T15:22:32 | 頻率: 4.16 Hz
serial raw: 8680,3.791,0.148,-0.629,,2025-06-20T15:22:32 | 頻率: 3.67 Hz
serial raw: 8681,3.791,0.148,-0.629,,2025-06-20T15:22:33 | 頻率: 3.91 Hz
serial raw: 8682,3.791,0.148,-0.629,,2025-06-20T15:22:33 | 頻率: 3.67 Hz
serial raw: 8683,3.791,0.148,-0.629,,2025-06-20T15:22:33 | 頻率: 3.67 Hz
serial raw: 8684,3.791,0.148,-0.629,,2025-06-20T15:22:33 | 頻率: 3.68 Hz
serial raw: 8685,3.791,0.148,-0.629,,2025-06-20T15:22:34 | 頻率: 2.97 Hz
serial raw: 8686,3.791,0.148,-0.629,,2025-06-20T15:22:34 | 頻率: 3.91 Hz
serial raw: 8687,3.791,0.148,-0.629,,2025-06-20T15:22:34 | 頻率: 3.47 Hz
serial raw: 8688,3.791,0.148,-0.629,,2025-06-20T15:22:34 | 頻率: 3.90 Hz
serial raw: 8689,3.791,0.148,-0.629,,2025-06-20T15:22:35 | 頻率: 3.67 Hz
serial raw: 8690,3.791,0.148,-0.629,,2025-06-20T15:22:35 | 頻率: 3.68 Hz
serial raw: 8691,3.791,0.148,-0.629,,2025-06-20T15:22:35 | 頻率: 3.67 Hz
serial raw: 8692,3.791,0.148,-0.629,,2025-06-20T15:22:36 | 頻率: 3.90 Hz
serial raw: 8693,3.791,0.148,-0.629,,2025-06-20T15:22:36 | 頻率: 3.68 Hz
serial raw: 8694,3.791,0.148,-0.629,,2025-06-20T15:22:36 | 頻率: 2.71 Hz
serial raw: 8695,3.791,0.148,-0.629,,2025-06-20T15:22:36 | 頻率: 3.90 Hz
serial raw: 8696,3.790,0.148,-0.628,,2025-06-20T15:22:37 | 頻率: 3.90 Hz
serial raw: 8697,3.790,0.148,-0.628,,2025-06-20T15:22:37 | 頻率: 3.67 Hz
serial raw: 8698,3.791,0.148,-0.629,,2025-06-20T15:22:37 | 頻率: 3.91 Hz
serial raw: 8699,3.791,0.148,-0.629,,2025-06-20T15:22:38 | 頻率: 3.67 Hz
serial raw: 8700,3.791,0.148,-0.629,,2025-06-20T15:22:38 | 頻率: 3.67 Hz
serial raw: 8701,3.791,0.148,-0.629,,2025-06-20T15:22:38 | 頻率: 3.91 Hz
serial raw: 8702,3.791,0.148,-0.629,,2025-06-20T15:22:38 | 頻率: 3.90 Hz
serial raw: 8703,3.791,0.148,-0.629,,2025-06-20T15:22:39 | 頻率: 3.67 Hz
serial raw: 8704,3.791,0.148,-0.629,,2025-06-20T15:22:39 | 頻率: 2.85 Hz
serial raw: 8705,3.791,0.148,-0.629,,2025-06-20T15:22:39 | 頻率: 3.89 Hz
serial raw: 8706,3.791,0.148,-0.629,,2025-06-20T15:22:39 | 頻率: 3.68 Hz
serial raw: 8707,3.791,0.148,-0.629,,2025-06-20T15:22:40 | 頻率: 3.89 Hz
serial raw: 8708,3.791,0.148,-0.629,,2025-06-20T15:22:40 | 頻率: 3.92 Hz
serial raw: 8709,3.791,0.148,-0.629,,2025-06-20T15:22:40 | 頻率: 3.66 Hz
serial raw: 8710,3.791,0.148,-0.629,,2025-06-20T15:22:41 | 頻率: 3.91 Hz
serial raw: 8711,3.791,0.148,-0.629,,2025-06-20T15:22:41 | 頻率: 3.67 Hz
serial raw: 8712,3.791,0.148,-0.629,,2025-06-20T15:22:41 | 頻率: 3.68 Hz
serial raw: 8713,3.791,0.148,-0.629,,2025-06-20T15:22:41 | 頻率: 4.16 Hz
serial raw: 8714,3.791,0.148,-0.629,,2025-06-20T15:22:42 | 頻率: 3.69 Hz
serial raw: 8715,3.791,0.148,-0.629,,2025-06-20T15:22:42 | 頻率: 2.97 Hz
serial raw: 8716,3.791,0.148,-0.629,,2025-06-20T15:22:42 | 頻率: 3.89 Hz
serial raw: 8717,3.791,0.148,-0.629,,2025-06-20T15:22:42 | 頻率: 3.90 Hz
serial raw: 8718,3.791,0.148,-0.629,,2025-06-20T15:22:43 | 頻率: 3.47 Hz
serial raw: 8719,3.791,0.148,-0.629,,2025-06-20T15:22:43 | 頻率: 3.68 Hz
serial raw: 8720,3.791,0.148,-0.629,,2025-06-20T15:22:43 | 頻率: 3.90 Hz
serial raw: 8721,3.791,0.148,-0.629,,2025-06-20T15:22:43 | 頻率: 3.66 Hz
serial raw: 8722,3.791,0.148,-0.629,,2025-06-20T15:22:44 | 頻率: 3.69 Hz
serial raw: 8723,3.791,0.148,-0.629,,2025-06-20T15:22:44 | 頻率: 3.67 Hz
serial raw: 8724,3.791,0.148,-0.629,,2025-06-20T15:22:44 | 頻率: 3.12 Hz
serial raw: 8725,3.791,0.148,-0.629,,2025-06-20T15:22:45 | 頻率: 3.90 Hz
serial raw: 8726,3.791,0.148,-0.629,,2025-06-20T15:22:45 | 頻率: 3.67 Hz
serial raw: 8727,3.791,0.148,-0.629,,2025-06-20T15:22:45 | 頻率: 3.68 Hz
serial raw: 8728,3.791,0.148,-0.629,,2025-06-20T15:22:45 | 頻率: 3.90 Hz
serial raw: 8729,3.791,0.148,-0.629,,2025-06-20T15:22:46 | 頻率: 3.67 Hz
serial raw: 8730,3.791,0.148,-0.629,,2025-06-20T15:22:46 | 頻率: 3.90 Hz
serial raw: 8731,3.791,0.148,-0.629,,2025-06-20T15:22:46 | 頻率: 3.91 Hz
serial raw: 8732,3.791,0.148,-0.629,,2025-06-20T15:22:46 | 頻率: 3.68 Hz
serial raw: 8733,3.791,0.148,-0.629,,2025-06-20T15:22:47 | 頻率: 3.66 Hz
serial raw: 8734,3.791,0.148,-0.629,,2025-06-20T15:22:47 | 頻率: 2.60 Hz
serial raw: 8735,3.791,0.148,-0.629,,2025-06-20T15:22:47 | 頻率: 3.67 Hz
serial raw: 8736,3.791,0.148,-0.629,,2025-06-20T15:22:48 | 頻率: 3.68 Hz
serial raw: 8737,3.791,0.148,-0.629,,2025-06-20T15:22:48 | 頻率: 3.67 Hz
serial raw: 8738,3.791,0.148,-0.629,,2025-06-20T15:22:48 | 頻率: 3.68 Hz
serial raw: 8739,3.791,0.148,-0.629,,2025-06-20T15:22:48 | 頻率: 3.89 Hz
serial raw: 8740,3.791,0.148,-0.629,,2025-06-20T15:22:49 | 頻率: 3.67 Hz
serial raw: 8741,3.791,0.148,-0.629,,2025-06-20T15:22:49 | 頻率: 3.48 Hz
serial raw: 8742,3.791,0.148,-0.629,,2025-06-20T15:22:49 | 頻率: 3.66 Hz
serial raw: 8743,3.791,0.148,-0.629,,2025-06-20T15:22:50 | 頻率: 3.13 Hz
serial raw: 8744,3.791,0.148,-0.629,,2025-06-20T15:22:50 | 頻率: 3.67 Hz
serial raw: 8745,3.791,0.148,-0.629,,2025-06-20T15:22:50 | 頻率: 3.90 Hz